Performing Curl Test HAVE_FSETXATTR_5 passed with the following output:
Change Dir: '/home/joshuamuthii/programming/discord_leetcode_bot/build/CMakeFiles/CMakeTmp'

Run Build Command(s): /usr/bin/cmake -E env VERBOSE=1 /usr/bin/gmake -f Makefile cmTC_0cef9/fast
/usr/bin/gmake  -f CMakeFiles/cmTC_0cef9.dir/build.make CMakeFiles/cmTC_0cef9.dir/build
gmake[1]: Entering directory '/home/joshuamuthii/programming/discord_leetcode_bot/build/CMakeFiles/CMakeTmp'
Building C object CMakeFiles/cmTC_0cef9.dir/CurlTests.c.o
/usr/bin/cc   -pedantic -Wall -W -Wpointer-arith -Wwrite-strings -Wunused -Wshadow -Winline -Wnested-externs -Wmissing-declarations -Wmissing-prototypes -Wno-long-long -Wfloat-equal -Wno-multichar -Wsign-compare -Wundef -Wno-format-nonliteral -Wendif-labels -Wstrict-prototypes -Wdeclaration-after-statement -Wstrict-aliasing=3 -Wcast-align -Wtype-limits -Wold-style-declaration -Wmissing-parameter-type -Wempty-body -Wclobbered -Wignored-qualifiers -Wconversion -Wno-sign-conversion -Wvla -Wdouble-promotion -Wno-system-headers -Wno-pedantic-ms-format -DHAVE_FSETXATTR_5  -DHAVE_STDIO_H -DHAVE_INTTYPES_H -DHAVE_SYS_IOCTL_H -DHAVE_SYS_PARAM_H -DHAVE_SYS_POLL_H -DHAVE_SYS_RESOURCE_H -DHAVE_SYS_SELECT_H -DHAVE_SYS_SOCKET_H -DHAVE_SYS_STAT_H -DHAVE_SYS_TIME_H -DHAVE_SYS_TYPES_H -DHAVE_SYS_UIO_H -DHAVE_SYS_UN_H -DHAVE_SYS_XATTR_H -DHAVE_ALLOCA_H -DHAVE_ARPA_INET_H -DHAVE_ARPA_TFTP_H -DHAVE_ASSERT_H -DHAVE_ERR_H -DHAVE_ERRNO_H -DHAVE_FCNTL_H -DHAVE_IFADDRS_H -DHAVE_LIBGEN_H -DHAVE_LOCALE_H -DHAVE_NET_IF_H -DHAVE_NETDB_H -DHAVE_NETINET_IN_H -DHAVE_NETINET_TCP_H -DHAVE_POLL_H -DHAVE_PWD_H -DHAVE_SETJMP_H -DHAVE_SGTTY_H -DHAVE_SIGNAL_H -DHAVE_STDBOOL_H -DHAVE_STDINT_H -DHAVE_STDIO_H -DHAVE_STDLIB_H -DHAVE_STRING_H -DHAVE_STRINGS_H -DHAVE_TERMIO_H -DHAVE_TERMIOS_H -DHAVE_TIME_H -DHAVE_UNISTD_H -DHAVE_UTIME_H -DHAVE_STDDEF_H -DHAVE_DLFCN_H -DHAVE_MALLOC_H -DHAVE_MEMORY_H -DHAVE_NETINET_IF_ETHER_H -DHAVE_STDINT_H -DHAVE_SYS_UTSNAME_H -o CMakeFiles/cmTC_0cef9.dir/CurlTests.c.o -c /home/joshuamuthii/programming/discord_leetcode_bot/build/_deps/curl-src/CMake/CurlTests.c
/home/joshuamuthii/programming/discord_leetcode_bot/build/_deps/curl-src/CMake/CurlTests.c:551:1: warning: function declaration isn’t a prototype [-Wstrict-prototypes]
  551 | main() {
      | ^~~~
cc1: note: unrecognized command-line option ‘-Wno-pedantic-ms-format’ may have been intended to silence earlier diagnostics
Linking C executable cmTC_0cef9
/usr/bin/cmake -E cmake_link_script CMakeFiles/cmTC_0cef9.dir/link.txt --verbose=1
/usr/bin/cc   -pedantic -Wall -W -Wpointer-arith -Wwrite-strings -Wunused -Wshadow -Winline -Wnested-externs -Wmissing-declarations -Wmissing-prototypes -Wno-long-long -Wfloat-equal -Wno-multichar -Wsign-compare -Wundef -Wno-format-nonliteral -Wendif-labels -Wstrict-prototypes -Wdeclaration-after-statement -Wstrict-aliasing=3 -Wcast-align -Wtype-limits -Wold-style-declaration -Wmissing-parameter-type -Wempty-body -Wclobbered -Wignored-qualifiers -Wconversion -Wno-sign-conversion -Wvla -Wdouble-promotion -Wno-system-headers -Wno-pedantic-ms-format -DHAVE_FSETXATTR_5  -DHAVE_STDIO_H -DHAVE_INTTYPES_H -DHAVE_SYS_IOCTL_H -DHAVE_SYS_PARAM_H -DHAVE_SYS_POLL_H -DHAVE_SYS_RESOURCE_H -DHAVE_SYS_SELECT_H -DHAVE_SYS_SOCKET_H -DHAVE_SYS_STAT_H -DHAVE_SYS_TIME_H -DHAVE_SYS_TYPES_H -DHAVE_SYS_UIO_H -DHAVE_SYS_UN_H -DHAVE_SYS_XATTR_H -DHAVE_ALLOCA_H -DHAVE_ARPA_INET_H -DHAVE_ARPA_TFTP_H -DHAVE_ASSERT_H -DHAVE_ERR_H -DHAVE_ERRNO_H -DHAVE_FCNTL_H -DHAVE_IFADDRS_H -DHAVE_LIBGEN_H -DHAVE_LOCALE_H -DHAVE_NET_IF_H -DHAVE_NETDB_H -DHAVE_NETINET_IN_H -DHAVE_NETINET_TCP_H -DHAVE_POLL_H -DHAVE_PWD_H -DHAVE_SETJMP_H -DHAVE_SGTTY_H -DHAVE_SIGNAL_H -DHAVE_STDBOOL_H -DHAVE_STDINT_H -DHAVE_STDIO_H -DHAVE_STDLIB_H -DHAVE_STRING_H -DHAVE_STRINGS_H -DHAVE_TERMIO_H -DHAVE_TERMIOS_H -DHAVE_TIME_H -DHAVE_UNISTD_H -DHAVE_UTIME_H -DHAVE_STDDEF_H -DHAVE_DLFCN_H -DHAVE_MALLOC_H -DHAVE_MEMORY_H -DHAVE_NETINET_IF_ETHER_H -DHAVE_STDINT_H -DHAVE_SYS_UTSNAME_H CMakeFiles/cmTC_0cef9.dir/CurlTests.c.o -o cmTC_0cef9 
gmake[1]: Leaving directory '/home/joshuamuthii/programming/discord_leetcode_bot/build/CMakeFiles/CMakeTmp'


Performing Curl Test HAVE_FCNTL_O_NONBLOCK passed with the following output:
Change Dir: '/home/joshuamuthii/programming/discord_leetcode_bot/build/CMakeFiles/CMakeTmp'

Run Build Command(s): /usr/bin/cmake -E env VERBOSE=1 /usr/bin/gmake -f Makefile cmTC_495b4/fast
/usr/bin/gmake  -f CMakeFiles/cmTC_495b4.dir/build.make CMakeFiles/cmTC_495b4.dir/build
gmake[1]: Entering directory '/home/joshuamuthii/programming/discord_leetcode_bot/build/CMakeFiles/CMakeTmp'
Building C object CMakeFiles/cmTC_495b4.dir/CurlTests.c.o
/usr/bin/cc   -pedantic -Wall -W -Wpointer-arith -Wwrite-strings -Wunused -Wshadow -Winline -Wnested-externs -Wmissing-declarations -Wmissing-prototypes -Wno-long-long -Wfloat-equal -Wno-multichar -Wsign-compare -Wundef -Wno-format-nonliteral -Wendif-labels -Wstrict-prototypes -Wdeclaration-after-statement -Wstrict-aliasing=3 -Wcast-align -Wtype-limits -Wold-style-declaration -Wmissing-parameter-type -Wempty-body -Wclobbered -Wignored-qualifiers -Wconversion -Wno-sign-conversion -Wvla -Wdouble-promotion -Wno-system-headers -Wno-pedantic-ms-format -DHAVE_FCNTL_O_NONBLOCK  -DHAVE_STDIO_H -DHAVE_INTTYPES_H -DHAVE_SYS_IOCTL_H -DHAVE_SYS_PARAM_H -DHAVE_SYS_POLL_H -DHAVE_SYS_RESOURCE_H -DHAVE_SYS_SELECT_H -DHAVE_SYS_SOCKET_H -DHAVE_SYS_STAT_H -DHAVE_SYS_TIME_H -DHAVE_SYS_TYPES_H -DHAVE_SYS_UIO_H -DHAVE_SYS_UN_H -DHAVE_SYS_XATTR_H -DHAVE_ALLOCA_H -DHAVE_ARPA_INET_H -DHAVE_ARPA_TFTP_H -DHAVE_ASSERT_H -DHAVE_ERR_H -DHAVE_ERRNO_H -DHAVE_FCNTL_H -DHAVE_IFADDRS_H -DHAVE_LIBGEN_H -DHAVE_LOCALE_H -DHAVE_NET_IF_H -DHAVE_NETDB_H -DHAVE_NETINET_IN_H -DHAVE_NETINET_TCP_H -DHAVE_POLL_H -DHAVE_PWD_H -DHAVE_SETJMP_H -DHAVE_SGTTY_H -DHAVE_SIGNAL_H -DHAVE_STDBOOL_H -DHAVE_STDINT_H -DHAVE_STDIO_H -DHAVE_STDLIB_H -DHAVE_STRING_H -DHAVE_STRINGS_H -DHAVE_TERMIO_H -DHAVE_TERMIOS_H -DHAVE_TIME_H -DHAVE_UNISTD_H -DHAVE_UTIME_H -DHAVE_STDDEF_H -DHAVE_DLFCN_H -DHAVE_MALLOC_H -DHAVE_MEMORY_H -DHAVE_NETINET_IF_ETHER_H -DHAVE_STDINT_H -DHAVE_SYS_UTSNAME_H -o CMakeFiles/cmTC_495b4.dir/CurlTests.c.o -c /home/joshuamuthii/programming/discord_leetcode_bot/build/_deps/curl-src/CMake/CurlTests.c
/home/joshuamuthii/programming/discord_leetcode_bot/build/_deps/curl-src/CMake/CurlTests.c:64:1: warning: function declaration isn’t a prototype [-Wstrict-prototypes]
   64 | main ()
      | ^~~~
cc1: note: unrecognized command-line option ‘-Wno-pedantic-ms-format’ may have been intended to silence earlier diagnostics
Linking C executable cmTC_495b4
/usr/bin/cmake -E cmake_link_script CMakeFiles/cmTC_495b4.dir/link.txt --verbose=1
/usr/bin/cc   -pedantic -Wall -W -Wpointer-arith -Wwrite-strings -Wunused -Wshadow -Winline -Wnested-externs -Wmissing-declarations -Wmissing-prototypes -Wno-long-long -Wfloat-equal -Wno-multichar -Wsign-compare -Wundef -Wno-format-nonliteral -Wendif-labels -Wstrict-prototypes -Wdeclaration-after-statement -Wstrict-aliasing=3 -Wcast-align -Wtype-limits -Wold-style-declaration -Wmissing-parameter-type -Wempty-body -Wclobbered -Wignored-qualifiers -Wconversion -Wno-sign-conversion -Wvla -Wdouble-promotion -Wno-system-headers -Wno-pedantic-ms-format -DHAVE_FCNTL_O_NONBLOCK  -DHAVE_STDIO_H -DHAVE_INTTYPES_H -DHAVE_SYS_IOCTL_H -DHAVE_SYS_PARAM_H -DHAVE_SYS_POLL_H -DHAVE_SYS_RESOURCE_H -DHAVE_SYS_SELECT_H -DHAVE_SYS_SOCKET_H -DHAVE_SYS_STAT_H -DHAVE_SYS_TIME_H -DHAVE_SYS_TYPES_H -DHAVE_SYS_UIO_H -DHAVE_SYS_UN_H -DHAVE_SYS_XATTR_H -DHAVE_ALLOCA_H -DHAVE_ARPA_INET_H -DHAVE_ARPA_TFTP_H -DHAVE_ASSERT_H -DHAVE_ERR_H -DHAVE_ERRNO_H -DHAVE_FCNTL_H -DHAVE_IFADDRS_H -DHAVE_LIBGEN_H -DHAVE_LOCALE_H -DHAVE_NET_IF_H -DHAVE_NETDB_H -DHAVE_NETINET_IN_H -DHAVE_NETINET_TCP_H -DHAVE_POLL_H -DHAVE_PWD_H -DHAVE_SETJMP_H -DHAVE_SGTTY_H -DHAVE_SIGNAL_H -DHAVE_STDBOOL_H -DHAVE_STDINT_H -DHAVE_STDIO_H -DHAVE_STDLIB_H -DHAVE_STRING_H -DHAVE_STRINGS_H -DHAVE_TERMIO_H -DHAVE_TERMIOS_H -DHAVE_TIME_H -DHAVE_UNISTD_H -DHAVE_UTIME_H -DHAVE_STDDEF_H -DHAVE_DLFCN_H -DHAVE_MALLOC_H -DHAVE_MEMORY_H -DHAVE_NETINET_IF_ETHER_H -DHAVE_STDINT_H -DHAVE_SYS_UTSNAME_H CMakeFiles/cmTC_495b4.dir/CurlTests.c.o -o cmTC_495b4 
gmake[1]: Leaving directory '/home/joshuamuthii/programming/discord_leetcode_bot/build/CMakeFiles/CMakeTmp'


Performing Curl Test HAVE_IOCTL_FIONBIO passed with the following output:
Change Dir: '/home/joshuamuthii/programming/discord_leetcode_bot/build/CMakeFiles/CMakeTmp'

Run Build Command(s): /usr/bin/cmake -E env VERBOSE=1 /usr/bin/gmake -f Makefile cmTC_72bd3/fast
/usr/bin/gmake  -f CMakeFiles/cmTC_72bd3.dir/build.make CMakeFiles/cmTC_72bd3.dir/build
gmake[1]: Entering directory '/home/joshuamuthii/programming/discord_leetcode_bot/build/CMakeFiles/CMakeTmp'
Building C object CMakeFiles/cmTC_72bd3.dir/CurlTests.c.o
/usr/bin/cc   -pedantic -Wall -W -Wpointer-arith -Wwrite-strings -Wunused -Wshadow -Winline -Wnested-externs -Wmissing-declarations -Wmissing-prototypes -Wno-long-long -Wfloat-equal -Wno-multichar -Wsign-compare -Wundef -Wno-format-nonliteral -Wendif-labels -Wstrict-prototypes -Wdeclaration-after-statement -Wstrict-aliasing=3 -Wcast-align -Wtype-limits -Wold-style-declaration -Wmissing-parameter-type -Wempty-body -Wclobbered -Wignored-qualifiers -Wconversion -Wno-sign-conversion -Wvla -Wdouble-promotion -Wno-system-headers -Wno-pedantic-ms-format -DHAVE_IOCTL_FIONBIO  -DHAVE_STDIO_H -DHAVE_INTTYPES_H -DHAVE_SYS_IOCTL_H -DHAVE_SYS_PARAM_H -DHAVE_SYS_POLL_H -DHAVE_SYS_RESOURCE_H -DHAVE_SYS_SELECT_H -DHAVE_SYS_SOCKET_H -DHAVE_SYS_STAT_H -DHAVE_SYS_TIME_H -DHAVE_SYS_TYPES_H -DHAVE_SYS_UIO_H -DHAVE_SYS_UN_H -DHAVE_SYS_XATTR_H -DHAVE_ALLOCA_H -DHAVE_ARPA_INET_H -DHAVE_ARPA_TFTP_H -DHAVE_ASSERT_H -DHAVE_ERR_H -DHAVE_ERRNO_H -DHAVE_FCNTL_H -DHAVE_IFADDRS_H -DHAVE_LIBGEN_H -DHAVE_LOCALE_H -DHAVE_NET_IF_H -DHAVE_NETDB_H -DHAVE_NETINET_IN_H -DHAVE_NETINET_TCP_H -DHAVE_POLL_H -DHAVE_PWD_H -DHAVE_SETJMP_H -DHAVE_SGTTY_H -DHAVE_SIGNAL_H -DHAVE_STDBOOL_H -DHAVE_STDINT_H -DHAVE_STDIO_H -DHAVE_STDLIB_H -DHAVE_STRING_H -DHAVE_STRINGS_H -DHAVE_TERMIO_H -DHAVE_TERMIOS_H -DHAVE_TIME_H -DHAVE_UNISTD_H -DHAVE_UTIME_H -DHAVE_STDDEF_H -DHAVE_DLFCN_H -DHAVE_MALLOC_H -DHAVE_MEMORY_H -DHAVE_NETINET_IF_ETHER_H -DHAVE_STDINT_H -DHAVE_SYS_UTSNAME_H -o CMakeFiles/cmTC_72bd3.dir/CurlTests.c.o -c /home/joshuamuthii/programming/discord_leetcode_bot/build/_deps/curl-src/CMake/CurlTests.c
/home/joshuamuthii/programming/discord_leetcode_bot/build/_deps/curl-src/CMake/CurlTests.c:436:1: warning: function declaration isn’t a prototype [-Wstrict-prototypes]
  436 | main ()
      | ^~~~
cc1: note: unrecognized command-line option ‘-Wno-pedantic-ms-format’ may have been intended to silence earlier diagnostics
Linking C executable cmTC_72bd3
/usr/bin/cmake -E cmake_link_script CMakeFiles/cmTC_72bd3.dir/link.txt --verbose=1
/usr/bin/cc   -pedantic -Wall -W -Wpointer-arith -Wwrite-strings -Wunused -Wshadow -Winline -Wnested-externs -Wmissing-declarations -Wmissing-prototypes -Wno-long-long -Wfloat-equal -Wno-multichar -Wsign-compare -Wundef -Wno-format-nonliteral -Wendif-labels -Wstrict-prototypes -Wdeclaration-after-statement -Wstrict-aliasing=3 -Wcast-align -Wtype-limits -Wold-style-declaration -Wmissing-parameter-type -Wempty-body -Wclobbered -Wignored-qualifiers -Wconversion -Wno-sign-conversion -Wvla -Wdouble-promotion -Wno-system-headers -Wno-pedantic-ms-format -DHAVE_IOCTL_FIONBIO  -DHAVE_STDIO_H -DHAVE_INTTYPES_H -DHAVE_SYS_IOCTL_H -DHAVE_SYS_PARAM_H -DHAVE_SYS_POLL_H -DHAVE_SYS_RESOURCE_H -DHAVE_SYS_SELECT_H -DHAVE_SYS_SOCKET_H -DHAVE_SYS_STAT_H -DHAVE_SYS_TIME_H -DHAVE_SYS_TYPES_H -DHAVE_SYS_UIO_H -DHAVE_SYS_UN_H -DHAVE_SYS_XATTR_H -DHAVE_ALLOCA_H -DHAVE_ARPA_INET_H -DHAVE_ARPA_TFTP_H -DHAVE_ASSERT_H -DHAVE_ERR_H -DHAVE_ERRNO_H -DHAVE_FCNTL_H -DHAVE_IFADDRS_H -DHAVE_LIBGEN_H -DHAVE_LOCALE_H -DHAVE_NET_IF_H -DHAVE_NETDB_H -DHAVE_NETINET_IN_H -DHAVE_NETINET_TCP_H -DHAVE_POLL_H -DHAVE_PWD_H -DHAVE_SETJMP_H -DHAVE_SGTTY_H -DHAVE_SIGNAL_H -DHAVE_STDBOOL_H -DHAVE_STDINT_H -DHAVE_STDIO_H -DHAVE_STDLIB_H -DHAVE_STRING_H -DHAVE_STRINGS_H -DHAVE_TERMIO_H -DHAVE_TERMIOS_H -DHAVE_TIME_H -DHAVE_UNISTD_H -DHAVE_UTIME_H -DHAVE_STDDEF_H -DHAVE_DLFCN_H -DHAVE_MALLOC_H -DHAVE_MEMORY_H -DHAVE_NETINET_IF_ETHER_H -DHAVE_STDINT_H -DHAVE_SYS_UTSNAME_H CMakeFiles/cmTC_72bd3.dir/CurlTests.c.o -o cmTC_72bd3 
gmake[1]: Leaving directory '/home/joshuamuthii/programming/discord_leetcode_bot/build/CMakeFiles/CMakeTmp'


Performing Curl Test HAVE_IOCTL_SIOCGIFADDR passed with the following output:
Change Dir: '/home/joshuamuthii/programming/discord_leetcode_bot/build/CMakeFiles/CMakeTmp'

Run Build Command(s): /usr/bin/cmake -E env VERBOSE=1 /usr/bin/gmake -f Makefile cmTC_b7e94/fast
/usr/bin/gmake  -f CMakeFiles/cmTC_b7e94.dir/build.make CMakeFiles/cmTC_b7e94.dir/build
gmake[1]: Entering directory '/home/joshuamuthii/programming/discord_leetcode_bot/build/CMakeFiles/CMakeTmp'
Building C object CMakeFiles/cmTC_b7e94.dir/CurlTests.c.o
/usr/bin/cc   -pedantic -Wall -W -Wpointer-arith -Wwrite-strings -Wunused -Wshadow -Winline -Wnested-externs -Wmissing-declarations -Wmissing-prototypes -Wno-long-long -Wfloat-equal -Wno-multichar -Wsign-compare -Wundef -Wno-format-nonliteral -Wendif-labels -Wstrict-prototypes -Wdeclaration-after-statement -Wstrict-aliasing=3 -Wcast-align -Wtype-limits -Wold-style-declaration -Wmissing-parameter-type -Wempty-body -Wclobbered -Wignored-qualifiers -Wconversion -Wno-sign-conversion -Wvla -Wdouble-promotion -Wno-system-headers -Wno-pedantic-ms-format -DHAVE_IOCTL_SIOCGIFADDR  -DHAVE_STDIO_H -DHAVE_INTTYPES_H -DHAVE_SYS_IOCTL_H -DHAVE_SYS_PARAM_H -DHAVE_SYS_POLL_H -DHAVE_SYS_RESOURCE_H -DHAVE_SYS_SELECT_H -DHAVE_SYS_SOCKET_H -DHAVE_SYS_STAT_H -DHAVE_SYS_TIME_H -DHAVE_SYS_TYPES_H -DHAVE_SYS_UIO_H -DHAVE_SYS_UN_H -DHAVE_SYS_XATTR_H -DHAVE_ALLOCA_H -DHAVE_ARPA_INET_H -DHAVE_ARPA_TFTP_H -DHAVE_ASSERT_H -DHAVE_ERR_H -DHAVE_ERRNO_H -DHAVE_FCNTL_H -DHAVE_IFADDRS_H -DHAVE_LIBGEN_H -DHAVE_LOCALE_H -DHAVE_NET_IF_H -DHAVE_NETDB_H -DHAVE_NETINET_IN_H -DHAVE_NETINET_TCP_H -DHAVE_POLL_H -DHAVE_PWD_H -DHAVE_SETJMP_H -DHAVE_SGTTY_H -DHAVE_SIGNAL_H -DHAVE_STDBOOL_H -DHAVE_STDINT_H -DHAVE_STDIO_H -DHAVE_STDLIB_H -DHAVE_STRING_H -DHAVE_STRINGS_H -DHAVE_TERMIO_H -DHAVE_TERMIOS_H -DHAVE_TIME_H -DHAVE_UNISTD_H -DHAVE_UTIME_H -DHAVE_STDDEF_H -DHAVE_DLFCN_H -DHAVE_MALLOC_H -DHAVE_MEMORY_H -DHAVE_NETINET_IF_ETHER_H -DHAVE_STDINT_H -DHAVE_SYS_UTSNAME_H -o CMakeFiles/cmTC_b7e94.dir/CurlTests.c.o -c /home/joshuamuthii/programming/discord_leetcode_bot/build/_deps/curl-src/CMake/CurlTests.c
/home/joshuamuthii/programming/discord_leetcode_bot/build/_deps/curl-src/CMake/CurlTests.c:468:1: warning: function declaration isn’t a prototype [-Wstrict-prototypes]
  468 | main ()
      | ^~~~
cc1: note: unrecognized command-line option ‘-Wno-pedantic-ms-format’ may have been intended to silence earlier diagnostics
Linking C executable cmTC_b7e94
/usr/bin/cmake -E cmake_link_script CMakeFiles/cmTC_b7e94.dir/link.txt --verbose=1
/usr/bin/cc   -pedantic -Wall -W -Wpointer-arith -Wwrite-strings -Wunused -Wshadow -Winline -Wnested-externs -Wmissing-declarations -Wmissing-prototypes -Wno-long-long -Wfloat-equal -Wno-multichar -Wsign-compare -Wundef -Wno-format-nonliteral -Wendif-labels -Wstrict-prototypes -Wdeclaration-after-statement -Wstrict-aliasing=3 -Wcast-align -Wtype-limits -Wold-style-declaration -Wmissing-parameter-type -Wempty-body -Wclobbered -Wignored-qualifiers -Wconversion -Wno-sign-conversion -Wvla -Wdouble-promotion -Wno-system-headers -Wno-pedantic-ms-format -DHAVE_IOCTL_SIOCGIFADDR  -DHAVE_STDIO_H -DHAVE_INTTYPES_H -DHAVE_SYS_IOCTL_H -DHAVE_SYS_PARAM_H -DHAVE_SYS_POLL_H -DHAVE_SYS_RESOURCE_H -DHAVE_SYS_SELECT_H -DHAVE_SYS_SOCKET_H -DHAVE_SYS_STAT_H -DHAVE_SYS_TIME_H -DHAVE_SYS_TYPES_H -DHAVE_SYS_UIO_H -DHAVE_SYS_UN_H -DHAVE_SYS_XATTR_H -DHAVE_ALLOCA_H -DHAVE_ARPA_INET_H -DHAVE_ARPA_TFTP_H -DHAVE_ASSERT_H -DHAVE_ERR_H -DHAVE_ERRNO_H -DHAVE_FCNTL_H -DHAVE_IFADDRS_H -DHAVE_LIBGEN_H -DHAVE_LOCALE_H -DHAVE_NET_IF_H -DHAVE_NETDB_H -DHAVE_NETINET_IN_H -DHAVE_NETINET_TCP_H -DHAVE_POLL_H -DHAVE_PWD_H -DHAVE_SETJMP_H -DHAVE_SGTTY_H -DHAVE_SIGNAL_H -DHAVE_STDBOOL_H -DHAVE_STDINT_H -DHAVE_STDIO_H -DHAVE_STDLIB_H -DHAVE_STRING_H -DHAVE_STRINGS_H -DHAVE_TERMIO_H -DHAVE_TERMIOS_H -DHAVE_TIME_H -DHAVE_UNISTD_H -DHAVE_UTIME_H -DHAVE_STDDEF_H -DHAVE_DLFCN_H -DHAVE_MALLOC_H -DHAVE_MEMORY_H -DHAVE_NETINET_IF_ETHER_H -DHAVE_STDINT_H -DHAVE_SYS_UTSNAME_H CMakeFiles/cmTC_b7e94.dir/CurlTests.c.o -o cmTC_b7e94 
gmake[1]: Leaving directory '/home/joshuamuthii/programming/discord_leetcode_bot/build/CMakeFiles/CMakeTmp'


Performing Curl Test TIME_WITH_SYS_TIME passed with the following output:
Change Dir: '/home/joshuamuthii/programming/discord_leetcode_bot/build/CMakeFiles/CMakeTmp'

Run Build Command(s): /usr/bin/cmake -E env VERBOSE=1 /usr/bin/gmake -f Makefile cmTC_230f5/fast
/usr/bin/gmake  -f CMakeFiles/cmTC_230f5.dir/build.make CMakeFiles/cmTC_230f5.dir/build
gmake[1]: Entering directory '/home/joshuamuthii/programming/discord_leetcode_bot/build/CMakeFiles/CMakeTmp'
Building C object CMakeFiles/cmTC_230f5.dir/CurlTests.c.o
/usr/bin/cc   -pedantic -Wall -W -Wpointer-arith -Wwrite-strings -Wunused -Wshadow -Winline -Wnested-externs -Wmissing-declarations -Wmissing-prototypes -Wno-long-long -Wfloat-equal -Wno-multichar -Wsign-compare -Wundef -Wno-format-nonliteral -Wendif-labels -Wstrict-prototypes -Wdeclaration-after-statement -Wstrict-aliasing=3 -Wcast-align -Wtype-limits -Wold-style-declaration -Wmissing-parameter-type -Wempty-body -Wclobbered -Wignored-qualifiers -Wconversion -Wno-sign-conversion -Wvla -Wdouble-promotion -Wno-system-headers -Wno-pedantic-ms-format -DTIME_WITH_SYS_TIME  -DHAVE_STDIO_H -DHAVE_INTTYPES_H -DHAVE_SYS_IOCTL_H -DHAVE_SYS_PARAM_H -DHAVE_SYS_POLL_H -DHAVE_SYS_RESOURCE_H -DHAVE_SYS_SELECT_H -DHAVE_SYS_SOCKET_H -DHAVE_SYS_STAT_H -DHAVE_SYS_TIME_H -DHAVE_SYS_TYPES_H -DHAVE_SYS_UIO_H -DHAVE_SYS_UN_H -DHAVE_SYS_XATTR_H -DHAVE_ALLOCA_H -DHAVE_ARPA_INET_H -DHAVE_ARPA_TFTP_H -DHAVE_ASSERT_H -DHAVE_ERR_H -DHAVE_ERRNO_H -DHAVE_FCNTL_H -DHAVE_IFADDRS_H -DHAVE_LIBGEN_H -DHAVE_LOCALE_H -DHAVE_NET_IF_H -DHAVE_NETDB_H -DHAVE_NETINET_IN_H -DHAVE_NETINET_TCP_H -DHAVE_POLL_H -DHAVE_PWD_H -DHAVE_SETJMP_H -DHAVE_SGTTY_H -DHAVE_SIGNAL_H -DHAVE_STDBOOL_H -DHAVE_STDINT_H -DHAVE_STDIO_H -DHAVE_STDLIB_H -DHAVE_STRING_H -DHAVE_STRINGS_H -DHAVE_TERMIO_H -DHAVE_TERMIOS_H -DHAVE_TIME_H -DHAVE_UNISTD_H -DHAVE_UTIME_H -DHAVE_STDDEF_H -DHAVE_DLFCN_H -DHAVE_MALLOC_H -DHAVE_MEMORY_H -DHAVE_NETINET_IF_ETHER_H -DHAVE_STDINT_H -DHAVE_SYS_UTSNAME_H -o CMakeFiles/cmTC_230f5.dir/CurlTests.c.o -c /home/joshuamuthii/programming/discord_leetcode_bot/build/_deps/curl-src/CMake/CurlTests.c
/home/joshuamuthii/programming/discord_leetcode_bot/build/_deps/curl-src/CMake/CurlTests.c:30:1: warning: function declaration isn’t a prototype [-Wstrict-prototypes]
   30 | main ()
      | ^~~~
cc1: note: unrecognized command-line option ‘-Wno-pedantic-ms-format’ may have been intended to silence earlier diagnostics
Linking C executable cmTC_230f5
/usr/bin/cmake -E cmake_link_script CMakeFiles/cmTC_230f5.dir/link.txt --verbose=1
/usr/bin/cc   -pedantic -Wall -W -Wpointer-arith -Wwrite-strings -Wunused -Wshadow -Winline -Wnested-externs -Wmissing-declarations -Wmissing-prototypes -Wno-long-long -Wfloat-equal -Wno-multichar -Wsign-compare -Wundef -Wno-format-nonliteral -Wendif-labels -Wstrict-prototypes -Wdeclaration-after-statement -Wstrict-aliasing=3 -Wcast-align -Wtype-limits -Wold-style-declaration -Wmissing-parameter-type -Wempty-body -Wclobbered -Wignored-qualifiers -Wconversion -Wno-sign-conversion -Wvla -Wdouble-promotion -Wno-system-headers -Wno-pedantic-ms-format -DTIME_WITH_SYS_TIME  -DHAVE_STDIO_H -DHAVE_INTTYPES_H -DHAVE_SYS_IOCTL_H -DHAVE_SYS_PARAM_H -DHAVE_SYS_POLL_H -DHAVE_SYS_RESOURCE_H -DHAVE_SYS_SELECT_H -DHAVE_SYS_SOCKET_H -DHAVE_SYS_STAT_H -DHAVE_SYS_TIME_H -DHAVE_SYS_TYPES_H -DHAVE_SYS_UIO_H -DHAVE_SYS_UN_H -DHAVE_SYS_XATTR_H -DHAVE_ALLOCA_H -DHAVE_ARPA_INET_H -DHAVE_ARPA_TFTP_H -DHAVE_ASSERT_H -DHAVE_ERR_H -DHAVE_ERRNO_H -DHAVE_FCNTL_H -DHAVE_IFADDRS_H -DHAVE_LIBGEN_H -DHAVE_LOCALE_H -DHAVE_NET_IF_H -DHAVE_NETDB_H -DHAVE_NETINET_IN_H -DHAVE_NETINET_TCP_H -DHAVE_POLL_H -DHAVE_PWD_H -DHAVE_SETJMP_H -DHAVE_SGTTY_H -DHAVE_SIGNAL_H -DHAVE_STDBOOL_H -DHAVE_STDINT_H -DHAVE_STDIO_H -DHAVE_STDLIB_H -DHAVE_STRING_H -DHAVE_STRINGS_H -DHAVE_TERMIO_H -DHAVE_TERMIOS_H -DHAVE_TIME_H -DHAVE_UNISTD_H -DHAVE_UTIME_H -DHAVE_STDDEF_H -DHAVE_DLFCN_H -DHAVE_MALLOC_H -DHAVE_MEMORY_H -DHAVE_NETINET_IF_ETHER_H -DHAVE_STDINT_H -DHAVE_SYS_UTSNAME_H CMakeFiles/cmTC_230f5.dir/CurlTests.c.o -o cmTC_230f5 
gmake[1]: Leaving directory '/home/joshuamuthii/programming/discord_leetcode_bot/build/CMakeFiles/CMakeTmp'


Performing Curl Test HAVE_GETHOSTBYADDR_R_8 passed with the following output:
Change Dir: '/home/joshuamuthii/programming/discord_leetcode_bot/build/CMakeFiles/CMakeTmp'

Run Build Command(s): /usr/bin/cmake -E env VERBOSE=1 /usr/bin/gmake -f Makefile cmTC_df3fc/fast
/usr/bin/gmake  -f CMakeFiles/cmTC_df3fc.dir/build.make CMakeFiles/cmTC_df3fc.dir/build
gmake[1]: Entering directory '/home/joshuamuthii/programming/discord_leetcode_bot/build/CMakeFiles/CMakeTmp'
Building C object CMakeFiles/cmTC_df3fc.dir/CurlTests.c.o
/usr/bin/cc   -pedantic -Wall -W -Wpointer-arith -Wwrite-strings -Wunused -Wshadow -Winline -Wnested-externs -Wmissing-declarations -Wmissing-prototypes -Wno-long-long -Wfloat-equal -Wno-multichar -Wsign-compare -Wundef -Wno-format-nonliteral -Wendif-labels -Wstrict-prototypes -Wdeclaration-after-statement -Wstrict-aliasing=3 -Wcast-align -Wtype-limits -Wold-style-declaration -Wmissing-parameter-type -Wempty-body -Wclobbered -Wignored-qualifiers -Wconversion -Wno-sign-conversion -Wvla -Wdouble-promotion -Wno-system-headers -Wno-pedantic-ms-format -DHAVE_GETHOSTBYADDR_R_8  -DHAVE_STDIO_H -DHAVE_INTTYPES_H -DHAVE_SYS_IOCTL_H -DHAVE_SYS_PARAM_H -DHAVE_SYS_POLL_H -DHAVE_SYS_RESOURCE_H -DHAVE_SYS_SELECT_H -DHAVE_SYS_SOCKET_H -DHAVE_SYS_STAT_H -DHAVE_SYS_TIME_H -DHAVE_SYS_TYPES_H -DHAVE_SYS_UIO_H -DHAVE_SYS_UN_H -DHAVE_SYS_XATTR_H -DHAVE_ALLOCA_H -DHAVE_ARPA_INET_H -DHAVE_ARPA_TFTP_H -DHAVE_ASSERT_H -DHAVE_ERR_H -DHAVE_ERRNO_H -DHAVE_FCNTL_H -DHAVE_IFADDRS_H -DHAVE_LIBGEN_H -DHAVE_LOCALE_H -DHAVE_NET_IF_H -DHAVE_NETDB_H -DHAVE_NETINET_IN_H -DHAVE_NETINET_TCP_H -DHAVE_POLL_H -DHAVE_PWD_H -DHAVE_SETJMP_H -DHAVE_SGTTY_H -DHAVE_SIGNAL_H -DHAVE_STDBOOL_H -DHAVE_STDINT_H -DHAVE_STDIO_H -DHAVE_STDLIB_H -DHAVE_STRING_H -DHAVE_STRINGS_H -DHAVE_TERMIO_H -DHAVE_TERMIOS_H -DHAVE_TIME_H -DHAVE_UNISTD_H -DHAVE_UTIME_H -DHAVE_STDDEF_H -DHAVE_DLFCN_H -DHAVE_MALLOC_H -DHAVE_MEMORY_H -DHAVE_NETINET_IF_ETHER_H -DHAVE_STDINT_H -DHAVE_SYS_UTSNAME_H -o CMakeFiles/cmTC_df3fc.dir/CurlTests.c.o -c /home/joshuamuthii/programming/discord_leetcode_bot/build/_deps/curl-src/CMake/CurlTests.c
/home/joshuamuthii/programming/discord_leetcode_bot/build/_deps/curl-src/CMake/CurlTests.c: In function ‘main’:
/home/joshuamuthii/programming/discord_leetcode_bot/build/_deps/curl-src/CMake/CurlTests.c:96:19: warning: initialization discards ‘const’ qualifier from pointer target type [-Wdiscarded-qualifiers]
   96 |   char *address = "example.com";
      |                   ^~~~~~~~~~~~~
At top level:
cc1: note: unrecognized command-line option ‘-Wno-pedantic-ms-format’ may have been intended to silence earlier diagnostics
Linking C executable cmTC_df3fc
/usr/bin/cmake -E cmake_link_script CMakeFiles/cmTC_df3fc.dir/link.txt --verbose=1
/usr/bin/cc   -pedantic -Wall -W -Wpointer-arith -Wwrite-strings -Wunused -Wshadow -Winline -Wnested-externs -Wmissing-declarations -Wmissing-prototypes -Wno-long-long -Wfloat-equal -Wno-multichar -Wsign-compare -Wundef -Wno-format-nonliteral -Wendif-labels -Wstrict-prototypes -Wdeclaration-after-statement -Wstrict-aliasing=3 -Wcast-align -Wtype-limits -Wold-style-declaration -Wmissing-parameter-type -Wempty-body -Wclobbered -Wignored-qualifiers -Wconversion -Wno-sign-conversion -Wvla -Wdouble-promotion -Wno-system-headers -Wno-pedantic-ms-format -DHAVE_GETHOSTBYADDR_R_8  -DHAVE_STDIO_H -DHAVE_INTTYPES_H -DHAVE_SYS_IOCTL_H -DHAVE_SYS_PARAM_H -DHAVE_SYS_POLL_H -DHAVE_SYS_RESOURCE_H -DHAVE_SYS_SELECT_H -DHAVE_SYS_SOCKET_H -DHAVE_SYS_STAT_H -DHAVE_SYS_TIME_H -DHAVE_SYS_TYPES_H -DHAVE_SYS_UIO_H -DHAVE_SYS_UN_H -DHAVE_SYS_XATTR_H -DHAVE_ALLOCA_H -DHAVE_ARPA_INET_H -DHAVE_ARPA_TFTP_H -DHAVE_ASSERT_H -DHAVE_ERR_H -DHAVE_ERRNO_H -DHAVE_FCNTL_H -DHAVE_IFADDRS_H -DHAVE_LIBGEN_H -DHAVE_LOCALE_H -DHAVE_NET_IF_H -DHAVE_NETDB_H -DHAVE_NETINET_IN_H -DHAVE_NETINET_TCP_H -DHAVE_POLL_H -DHAVE_PWD_H -DHAVE_SETJMP_H -DHAVE_SGTTY_H -DHAVE_SIGNAL_H -DHAVE_STDBOOL_H -DHAVE_STDINT_H -DHAVE_STDIO_H -DHAVE_STDLIB_H -DHAVE_STRING_H -DHAVE_STRINGS_H -DHAVE_TERMIO_H -DHAVE_TERMIOS_H -DHAVE_TIME_H -DHAVE_UNISTD_H -DHAVE_UTIME_H -DHAVE_STDDEF_H -DHAVE_DLFCN_H -DHAVE_MALLOC_H -DHAVE_MEMORY_H -DHAVE_NETINET_IF_ETHER_H -DHAVE_STDINT_H -DHAVE_SYS_UTSNAME_H CMakeFiles/cmTC_df3fc.dir/CurlTests.c.o -o cmTC_df3fc 
gmake[1]: Leaving directory '/home/joshuamuthii/programming/discord_leetcode_bot/build/CMakeFiles/CMakeTmp'


Performing Curl Test HAVE_GETHOSTBYADDR_R_8_REENTRANT passed with the following output:
Change Dir: '/home/joshuamuthii/programming/discord_leetcode_bot/build/CMakeFiles/CMakeTmp'

Run Build Command(s): /usr/bin/cmake -E env VERBOSE=1 /usr/bin/gmake -f Makefile cmTC_11d19/fast
/usr/bin/gmake  -f CMakeFiles/cmTC_11d19.dir/build.make CMakeFiles/cmTC_11d19.dir/build
gmake[1]: Entering directory '/home/joshuamuthii/programming/discord_leetcode_bot/build/CMakeFiles/CMakeTmp'
Building C object CMakeFiles/cmTC_11d19.dir/CurlTests.c.o
/usr/bin/cc   -pedantic -Wall -W -Wpointer-arith -Wwrite-strings -Wunused -Wshadow -Winline -Wnested-externs -Wmissing-declarations -Wmissing-prototypes -Wno-long-long -Wfloat-equal -Wno-multichar -Wsign-compare -Wundef -Wno-format-nonliteral -Wendif-labels -Wstrict-prototypes -Wdeclaration-after-statement -Wstrict-aliasing=3 -Wcast-align -Wtype-limits -Wold-style-declaration -Wmissing-parameter-type -Wempty-body -Wclobbered -Wignored-qualifiers -Wconversion -Wno-sign-conversion -Wvla -Wdouble-promotion -Wno-system-headers -Wno-pedantic-ms-format -DHAVE_GETHOSTBYADDR_R_8_REENTRANT  -DHAVE_STDIO_H -DHAVE_INTTYPES_H -DHAVE_SYS_IOCTL_H -DHAVE_SYS_PARAM_H -DHAVE_SYS_POLL_H -DHAVE_SYS_RESOURCE_H -DHAVE_SYS_SELECT_H -DHAVE_SYS_SOCKET_H -DHAVE_SYS_STAT_H -DHAVE_SYS_TIME_H -DHAVE_SYS_TYPES_H -DHAVE_SYS_UIO_H -DHAVE_SYS_UN_H -DHAVE_SYS_XATTR_H -DHAVE_ALLOCA_H -DHAVE_ARPA_INET_H -DHAVE_ARPA_TFTP_H -DHAVE_ASSERT_H -DHAVE_ERR_H -DHAVE_ERRNO_H -DHAVE_FCNTL_H -DHAVE_IFADDRS_H -DHAVE_LIBGEN_H -DHAVE_LOCALE_H -DHAVE_NET_IF_H -DHAVE_NETDB_H -DHAVE_NETINET_IN_H -DHAVE_NETINET_TCP_H -DHAVE_POLL_H -DHAVE_PWD_H -DHAVE_SETJMP_H -DHAVE_SGTTY_H -DHAVE_SIGNAL_H -DHAVE_STDBOOL_H -DHAVE_STDINT_H -DHAVE_STDIO_H -DHAVE_STDLIB_H -DHAVE_STRING_H -DHAVE_STRINGS_H -DHAVE_TERMIO_H -DHAVE_TERMIOS_H -DHAVE_TIME_H -DHAVE_UNISTD_H -DHAVE_UTIME_H -DHAVE_STDDEF_H -DHAVE_DLFCN_H -DHAVE_MALLOC_H -DHAVE_MEMORY_H -DHAVE_NETINET_IF_ETHER_H -DHAVE_STDINT_H -DHAVE_SYS_UTSNAME_H -o CMakeFiles/cmTC_11d19.dir/CurlTests.c.o -c /home/joshuamuthii/programming/discord_leetcode_bot/build/_deps/curl-src/CMake/CurlTests.c
/home/joshuamuthii/programming/discord_leetcode_bot/build/_deps/curl-src/CMake/CurlTests.c: In function ‘main’:
/home/joshuamuthii/programming/discord_leetcode_bot/build/_deps/curl-src/CMake/CurlTests.c:96:19: warning: initialization discards ‘const’ qualifier from pointer target type [-Wdiscarded-qualifiers]
   96 |   char *address = "example.com";
      |                   ^~~~~~~~~~~~~
At top level:
cc1: note: unrecognized command-line option ‘-Wno-pedantic-ms-format’ may have been intended to silence earlier diagnostics
Linking C executable cmTC_11d19
/usr/bin/cmake -E cmake_link_script CMakeFiles/cmTC_11d19.dir/link.txt --verbose=1
/usr/bin/cc   -pedantic -Wall -W -Wpointer-arith -Wwrite-strings -Wunused -Wshadow -Winline -Wnested-externs -Wmissing-declarations -Wmissing-prototypes -Wno-long-long -Wfloat-equal -Wno-multichar -Wsign-compare -Wundef -Wno-format-nonliteral -Wendif-labels -Wstrict-prototypes -Wdeclaration-after-statement -Wstrict-aliasing=3 -Wcast-align -Wtype-limits -Wold-style-declaration -Wmissing-parameter-type -Wempty-body -Wclobbered -Wignored-qualifiers -Wconversion -Wno-sign-conversion -Wvla -Wdouble-promotion -Wno-system-headers -Wno-pedantic-ms-format -DHAVE_GETHOSTBYADDR_R_8_REENTRANT  -DHAVE_STDIO_H -DHAVE_INTTYPES_H -DHAVE_SYS_IOCTL_H -DHAVE_SYS_PARAM_H -DHAVE_SYS_POLL_H -DHAVE_SYS_RESOURCE_H -DHAVE_SYS_SELECT_H -DHAVE_SYS_SOCKET_H -DHAVE_SYS_STAT_H -DHAVE_SYS_TIME_H -DHAVE_SYS_TYPES_H -DHAVE_SYS_UIO_H -DHAVE_SYS_UN_H -DHAVE_SYS_XATTR_H -DHAVE_ALLOCA_H -DHAVE_ARPA_INET_H -DHAVE_ARPA_TFTP_H -DHAVE_ASSERT_H -DHAVE_ERR_H -DHAVE_ERRNO_H -DHAVE_FCNTL_H -DHAVE_IFADDRS_H -DHAVE_LIBGEN_H -DHAVE_LOCALE_H -DHAVE_NET_IF_H -DHAVE_NETDB_H -DHAVE_NETINET_IN_H -DHAVE_NETINET_TCP_H -DHAVE_POLL_H -DHAVE_PWD_H -DHAVE_SETJMP_H -DHAVE_SGTTY_H -DHAVE_SIGNAL_H -DHAVE_STDBOOL_H -DHAVE_STDINT_H -DHAVE_STDIO_H -DHAVE_STDLIB_H -DHAVE_STRING_H -DHAVE_STRINGS_H -DHAVE_TERMIO_H -DHAVE_TERMIOS_H -DHAVE_TIME_H -DHAVE_UNISTD_H -DHAVE_UTIME_H -DHAVE_STDDEF_H -DHAVE_DLFCN_H -DHAVE_MALLOC_H -DHAVE_MEMORY_H -DHAVE_NETINET_IF_ETHER_H -DHAVE_STDINT_H -DHAVE_SYS_UTSNAME_H CMakeFiles/cmTC_11d19.dir/CurlTests.c.o -o cmTC_11d19 
gmake[1]: Leaving directory '/home/joshuamuthii/programming/discord_leetcode_bot/build/CMakeFiles/CMakeTmp'


Performing Curl Test HAVE_GETHOSTBYNAME_R_6 passed with the following output:
Change Dir: '/home/joshuamuthii/programming/discord_leetcode_bot/build/CMakeFiles/CMakeTmp'

Run Build Command(s): /usr/bin/cmake -E env VERBOSE=1 /usr/bin/gmake -f Makefile cmTC_fa08b/fast
/usr/bin/gmake  -f CMakeFiles/cmTC_fa08b.dir/build.make CMakeFiles/cmTC_fa08b.dir/build
gmake[1]: Entering directory '/home/joshuamuthii/programming/discord_leetcode_bot/build/CMakeFiles/CMakeTmp'
Building C object CMakeFiles/cmTC_fa08b.dir/CurlTests.c.o
/usr/bin/cc   -pedantic -Wall -W -Wpointer-arith -Wwrite-strings -Wunused -Wshadow -Winline -Wnested-externs -Wmissing-declarations -Wmissing-prototypes -Wno-long-long -Wfloat-equal -Wno-multichar -Wsign-compare -Wundef -Wno-format-nonliteral -Wendif-labels -Wstrict-prototypes -Wdeclaration-after-statement -Wstrict-aliasing=3 -Wcast-align -Wtype-limits -Wold-style-declaration -Wmissing-parameter-type -Wempty-body -Wclobbered -Wignored-qualifiers -Wconversion -Wno-sign-conversion -Wvla -Wdouble-promotion -Wno-system-headers -Wno-pedantic-ms-format -DHAVE_GETHOSTBYNAME_R_6  -DHAVE_STDIO_H -DHAVE_INTTYPES_H -DHAVE_SYS_IOCTL_H -DHAVE_SYS_PARAM_H -DHAVE_SYS_POLL_H -DHAVE_SYS_RESOURCE_H -DHAVE_SYS_SELECT_H -DHAVE_SYS_SOCKET_H -DHAVE_SYS_STAT_H -DHAVE_SYS_TIME_H -DHAVE_SYS_TYPES_H -DHAVE_SYS_UIO_H -DHAVE_SYS_UN_H -DHAVE_SYS_XATTR_H -DHAVE_ALLOCA_H -DHAVE_ARPA_INET_H -DHAVE_ARPA_TFTP_H -DHAVE_ASSERT_H -DHAVE_ERR_H -DHAVE_ERRNO_H -DHAVE_FCNTL_H -DHAVE_IFADDRS_H -DHAVE_LIBGEN_H -DHAVE_LOCALE_H -DHAVE_NET_IF_H -DHAVE_NETDB_H -DHAVE_NETINET_IN_H -DHAVE_NETINET_TCP_H -DHAVE_POLL_H -DHAVE_PWD_H -DHAVE_SETJMP_H -DHAVE_SGTTY_H -DHAVE_SIGNAL_H -DHAVE_STDBOOL_H -DHAVE_STDINT_H -DHAVE_STDIO_H -DHAVE_STDLIB_H -DHAVE_STRING_H -DHAVE_STRINGS_H -DHAVE_TERMIO_H -DHAVE_TERMIOS_H -DHAVE_TIME_H -DHAVE_UNISTD_H -DHAVE_UTIME_H -DHAVE_STDDEF_H -DHAVE_DLFCN_H -DHAVE_MALLOC_H -DHAVE_MEMORY_H -DHAVE_NETINET_IF_ETHER_H -DHAVE_STDINT_H -DHAVE_SYS_UTSNAME_H -o CMakeFiles/cmTC_fa08b.dir/CurlTests.c.o -c /home/joshuamuthii/programming/discord_leetcode_bot/build/_deps/curl-src/CMake/CurlTests.c
/home/joshuamuthii/programming/discord_leetcode_bot/build/_deps/curl-src/CMake/CurlTests.c: In function ‘main’:
/home/joshuamuthii/programming/discord_leetcode_bot/build/_deps/curl-src/CMake/CurlTests.c:96:19: warning: initialization discards ‘const’ qualifier from pointer target type [-Wdiscarded-qualifiers]
   96 |   char *address = "example.com";
      |                   ^~~~~~~~~~~~~
At top level:
cc1: note: unrecognized command-line option ‘-Wno-pedantic-ms-format’ may have been intended to silence earlier diagnostics
Linking C executable cmTC_fa08b
/usr/bin/cmake -E cmake_link_script CMakeFiles/cmTC_fa08b.dir/link.txt --verbose=1
/usr/bin/cc   -pedantic -Wall -W -Wpointer-arith -Wwrite-strings -Wunused -Wshadow -Winline -Wnested-externs -Wmissing-declarations -Wmissing-prototypes -Wno-long-long -Wfloat-equal -Wno-multichar -Wsign-compare -Wundef -Wno-format-nonliteral -Wendif-labels -Wstrict-prototypes -Wdeclaration-after-statement -Wstrict-aliasing=3 -Wcast-align -Wtype-limits -Wold-style-declaration -Wmissing-parameter-type -Wempty-body -Wclobbered -Wignored-qualifiers -Wconversion -Wno-sign-conversion -Wvla -Wdouble-promotion -Wno-system-headers -Wno-pedantic-ms-format -DHAVE_GETHOSTBYNAME_R_6  -DHAVE_STDIO_H -DHAVE_INTTYPES_H -DHAVE_SYS_IOCTL_H -DHAVE_SYS_PARAM_H -DHAVE_SYS_POLL_H -DHAVE_SYS_RESOURCE_H -DHAVE_SYS_SELECT_H -DHAVE_SYS_SOCKET_H -DHAVE_SYS_STAT_H -DHAVE_SYS_TIME_H -DHAVE_SYS_TYPES_H -DHAVE_SYS_UIO_H -DHAVE_SYS_UN_H -DHAVE_SYS_XATTR_H -DHAVE_ALLOCA_H -DHAVE_ARPA_INET_H -DHAVE_ARPA_TFTP_H -DHAVE_ASSERT_H -DHAVE_ERR_H -DHAVE_ERRNO_H -DHAVE_FCNTL_H -DHAVE_IFADDRS_H -DHAVE_LIBGEN_H -DHAVE_LOCALE_H -DHAVE_NET_IF_H -DHAVE_NETDB_H -DHAVE_NETINET_IN_H -DHAVE_NETINET_TCP_H -DHAVE_POLL_H -DHAVE_PWD_H -DHAVE_SETJMP_H -DHAVE_SGTTY_H -DHAVE_SIGNAL_H -DHAVE_STDBOOL_H -DHAVE_STDINT_H -DHAVE_STDIO_H -DHAVE_STDLIB_H -DHAVE_STRING_H -DHAVE_STRINGS_H -DHAVE_TERMIO_H -DHAVE_TERMIOS_H -DHAVE_TIME_H -DHAVE_UNISTD_H -DHAVE_UTIME_H -DHAVE_STDDEF_H -DHAVE_DLFCN_H -DHAVE_MALLOC_H -DHAVE_MEMORY_H -DHAVE_NETINET_IF_ETHER_H -DHAVE_STDINT_H -DHAVE_SYS_UTSNAME_H CMakeFiles/cmTC_fa08b.dir/CurlTests.c.o -o cmTC_fa08b 
gmake[1]: Leaving directory '/home/joshuamuthii/programming/discord_leetcode_bot/build/CMakeFiles/CMakeTmp'


Performing Curl Test HAVE_GETHOSTBYNAME_R_6_REENTRANT passed with the following output:
Change Dir: '/home/joshuamuthii/programming/discord_leetcode_bot/build/CMakeFiles/CMakeTmp'

Run Build Command(s): /usr/bin/cmake -E env VERBOSE=1 /usr/bin/gmake -f Makefile cmTC_f8a3a/fast
/usr/bin/gmake  -f CMakeFiles/cmTC_f8a3a.dir/build.make CMakeFiles/cmTC_f8a3a.dir/build
gmake[1]: Entering directory '/home/joshuamuthii/programming/discord_leetcode_bot/build/CMakeFiles/CMakeTmp'
Building C object CMakeFiles/cmTC_f8a3a.dir/CurlTests.c.o
/usr/bin/cc   -pedantic -Wall -W -Wpointer-arith -Wwrite-strings -Wunused -Wshadow -Winline -Wnested-externs -Wmissing-declarations -Wmissing-prototypes -Wno-long-long -Wfloat-equal -Wno-multichar -Wsign-compare -Wundef -Wno-format-nonliteral -Wendif-labels -Wstrict-prototypes -Wdeclaration-after-statement -Wstrict-aliasing=3 -Wcast-align -Wtype-limits -Wold-style-declaration -Wmissing-parameter-type -Wempty-body -Wclobbered -Wignored-qualifiers -Wconversion -Wno-sign-conversion -Wvla -Wdouble-promotion -Wno-system-headers -Wno-pedantic-ms-format -DHAVE_GETHOSTBYNAME_R_6_REENTRANT  -DHAVE_STDIO_H -DHAVE_INTTYPES_H -DHAVE_SYS_IOCTL_H -DHAVE_SYS_PARAM_H -DHAVE_SYS_POLL_H -DHAVE_SYS_RESOURCE_H -DHAVE_SYS_SELECT_H -DHAVE_SYS_SOCKET_H -DHAVE_SYS_STAT_H -DHAVE_SYS_TIME_H -DHAVE_SYS_TYPES_H -DHAVE_SYS_UIO_H -DHAVE_SYS_UN_H -DHAVE_SYS_XATTR_H -DHAVE_ALLOCA_H -DHAVE_ARPA_INET_H -DHAVE_ARPA_TFTP_H -DHAVE_ASSERT_H -DHAVE_ERR_H -DHAVE_ERRNO_H -DHAVE_FCNTL_H -DHAVE_IFADDRS_H -DHAVE_LIBGEN_H -DHAVE_LOCALE_H -DHAVE_NET_IF_H -DHAVE_NETDB_H -DHAVE_NETINET_IN_H -DHAVE_NETINET_TCP_H -DHAVE_POLL_H -DHAVE_PWD_H -DHAVE_SETJMP_H -DHAVE_SGTTY_H -DHAVE_SIGNAL_H -DHAVE_STDBOOL_H -DHAVE_STDINT_H -DHAVE_STDIO_H -DHAVE_STDLIB_H -DHAVE_STRING_H -DHAVE_STRINGS_H -DHAVE_TERMIO_H -DHAVE_TERMIOS_H -DHAVE_TIME_H -DHAVE_UNISTD_H -DHAVE_UTIME_H -DHAVE_STDDEF_H -DHAVE_DLFCN_H -DHAVE_MALLOC_H -DHAVE_MEMORY_H -DHAVE_NETINET_IF_ETHER_H -DHAVE_STDINT_H -DHAVE_SYS_UTSNAME_H -o CMakeFiles/cmTC_f8a3a.dir/CurlTests.c.o -c /home/joshuamuthii/programming/discord_leetcode_bot/build/_deps/curl-src/CMake/CurlTests.c
/home/joshuamuthii/programming/discord_leetcode_bot/build/_deps/curl-src/CMake/CurlTests.c: In function ‘main’:
/home/joshuamuthii/programming/discord_leetcode_bot/build/_deps/curl-src/CMake/CurlTests.c:96:19: warning: initialization discards ‘const’ qualifier from pointer target type [-Wdiscarded-qualifiers]
   96 |   char *address = "example.com";
      |                   ^~~~~~~~~~~~~
At top level:
cc1: note: unrecognized command-line option ‘-Wno-pedantic-ms-format’ may have been intended to silence earlier diagnostics
Linking C executable cmTC_f8a3a
/usr/bin/cmake -E cmake_link_script CMakeFiles/cmTC_f8a3a.dir/link.txt --verbose=1
/usr/bin/cc   -pedantic -Wall -W -Wpointer-arith -Wwrite-strings -Wunused -Wshadow -Winline -Wnested-externs -Wmissing-declarations -Wmissing-prototypes -Wno-long-long -Wfloat-equal -Wno-multichar -Wsign-compare -Wundef -Wno-format-nonliteral -Wendif-labels -Wstrict-prototypes -Wdeclaration-after-statement -Wstrict-aliasing=3 -Wcast-align -Wtype-limits -Wold-style-declaration -Wmissing-parameter-type -Wempty-body -Wclobbered -Wignored-qualifiers -Wconversion -Wno-sign-conversion -Wvla -Wdouble-promotion -Wno-system-headers -Wno-pedantic-ms-format -DHAVE_GETHOSTBYNAME_R_6_REENTRANT  -DHAVE_STDIO_H -DHAVE_INTTYPES_H -DHAVE_SYS_IOCTL_H -DHAVE_SYS_PARAM_H -DHAVE_SYS_POLL_H -DHAVE_SYS_RESOURCE_H -DHAVE_SYS_SELECT_H -DHAVE_SYS_SOCKET_H -DHAVE_SYS_STAT_H -DHAVE_SYS_TIME_H -DHAVE_SYS_TYPES_H -DHAVE_SYS_UIO_H -DHAVE_SYS_UN_H -DHAVE_SYS_XATTR_H -DHAVE_ALLOCA_H -DHAVE_ARPA_INET_H -DHAVE_ARPA_TFTP_H -DHAVE_ASSERT_H -DHAVE_ERR_H -DHAVE_ERRNO_H -DHAVE_FCNTL_H -DHAVE_IFADDRS_H -DHAVE_LIBGEN_H -DHAVE_LOCALE_H -DHAVE_NET_IF_H -DHAVE_NETDB_H -DHAVE_NETINET_IN_H -DHAVE_NETINET_TCP_H -DHAVE_POLL_H -DHAVE_PWD_H -DHAVE_SETJMP_H -DHAVE_SGTTY_H -DHAVE_SIGNAL_H -DHAVE_STDBOOL_H -DHAVE_STDINT_H -DHAVE_STDIO_H -DHAVE_STDLIB_H -DHAVE_STRING_H -DHAVE_STRINGS_H -DHAVE_TERMIO_H -DHAVE_TERMIOS_H -DHAVE_TIME_H -DHAVE_UNISTD_H -DHAVE_UTIME_H -DHAVE_STDDEF_H -DHAVE_DLFCN_H -DHAVE_MALLOC_H -DHAVE_MEMORY_H -DHAVE_NETINET_IF_ETHER_H -DHAVE_STDINT_H -DHAVE_SYS_UTSNAME_H CMakeFiles/cmTC_f8a3a.dir/CurlTests.c.o -o cmTC_f8a3a 
gmake[1]: Leaving directory '/home/joshuamuthii/programming/discord_leetcode_bot/build/CMakeFiles/CMakeTmp'


Performing Curl Test HAVE_IN_ADDR_T passed with the following output:
Change Dir: '/home/joshuamuthii/programming/discord_leetcode_bot/build/CMakeFiles/CMakeTmp'

Run Build Command(s): /usr/bin/cmake -E env VERBOSE=1 /usr/bin/gmake -f Makefile cmTC_6a18a/fast
/usr/bin/gmake  -f CMakeFiles/cmTC_6a18a.dir/build.make CMakeFiles/cmTC_6a18a.dir/build
gmake[1]: Entering directory '/home/joshuamuthii/programming/discord_leetcode_bot/build/CMakeFiles/CMakeTmp'
Building C object CMakeFiles/cmTC_6a18a.dir/CurlTests.c.o
/usr/bin/cc   -pedantic -Wall -W -Wpointer-arith -Wwrite-strings -Wunused -Wshadow -Winline -Wnested-externs -Wmissing-declarations -Wmissing-prototypes -Wno-long-long -Wfloat-equal -Wno-multichar -Wsign-compare -Wundef -Wno-format-nonliteral -Wendif-labels -Wstrict-prototypes -Wdeclaration-after-statement -Wstrict-aliasing=3 -Wcast-align -Wtype-limits -Wold-style-declaration -Wmissing-parameter-type -Wempty-body -Wclobbered -Wignored-qualifiers -Wconversion -Wno-sign-conversion -Wvla -Wdouble-promotion -Wno-system-headers -Wno-pedantic-ms-format -DHAVE_IN_ADDR_T  -DHAVE_STDIO_H -DHAVE_INTTYPES_H -DHAVE_SYS_IOCTL_H -DHAVE_SYS_PARAM_H -DHAVE_SYS_POLL_H -DHAVE_SYS_RESOURCE_H -DHAVE_SYS_SELECT_H -DHAVE_SYS_SOCKET_H -DHAVE_SYS_STAT_H -DHAVE_SYS_TIME_H -DHAVE_SYS_TYPES_H -DHAVE_SYS_UIO_H -DHAVE_SYS_UN_H -DHAVE_SYS_XATTR_H -DHAVE_ALLOCA_H -DHAVE_ARPA_INET_H -DHAVE_ARPA_TFTP_H -DHAVE_ASSERT_H -DHAVE_ERR_H -DHAVE_ERRNO_H -DHAVE_FCNTL_H -DHAVE_IFADDRS_H -DHAVE_LIBGEN_H -DHAVE_LOCALE_H -DHAVE_NET_IF_H -DHAVE_NETDB_H -DHAVE_NETINET_IN_H -DHAVE_NETINET_TCP_H -DHAVE_POLL_H -DHAVE_PWD_H -DHAVE_SETJMP_H -DHAVE_SGTTY_H -DHAVE_SIGNAL_H -DHAVE_STDBOOL_H -DHAVE_STDINT_H -DHAVE_STDIO_H -DHAVE_STDLIB_H -DHAVE_STRING_H -DHAVE_STRINGS_H -DHAVE_TERMIO_H -DHAVE_TERMIOS_H -DHAVE_TIME_H -DHAVE_UNISTD_H -DHAVE_UTIME_H -DHAVE_STDDEF_H -DHAVE_DLFCN_H -DHAVE_MALLOC_H -DHAVE_MEMORY_H -DHAVE_NETINET_IF_ETHER_H -DHAVE_STDINT_H -DHAVE_SYS_UTSNAME_H -o CMakeFiles/cmTC_6a18a.dir/CurlTests.c.o -c /home/joshuamuthii/programming/discord_leetcode_bot/build/_deps/curl-src/CMake/CurlTests.c
/home/joshuamuthii/programming/discord_leetcode_bot/build/_deps/curl-src/CMake/CurlTests.c:182:1: warning: function declaration isn’t a prototype [-Wstrict-prototypes]
  182 | main ()
      | ^~~~
cc1: note: unrecognized command-line option ‘-Wno-pedantic-ms-format’ may have been intended to silence earlier diagnostics
Linking C executable cmTC_6a18a
/usr/bin/cmake -E cmake_link_script CMakeFiles/cmTC_6a18a.dir/link.txt --verbose=1
/usr/bin/cc   -pedantic -Wall -W -Wpointer-arith -Wwrite-strings -Wunused -Wshadow -Winline -Wnested-externs -Wmissing-declarations -Wmissing-prototypes -Wno-long-long -Wfloat-equal -Wno-multichar -Wsign-compare -Wundef -Wno-format-nonliteral -Wendif-labels -Wstrict-prototypes -Wdeclaration-after-statement -Wstrict-aliasing=3 -Wcast-align -Wtype-limits -Wold-style-declaration -Wmissing-parameter-type -Wempty-body -Wclobbered -Wignored-qualifiers -Wconversion -Wno-sign-conversion -Wvla -Wdouble-promotion -Wno-system-headers -Wno-pedantic-ms-format -DHAVE_IN_ADDR_T  -DHAVE_STDIO_H -DHAVE_INTTYPES_H -DHAVE_SYS_IOCTL_H -DHAVE_SYS_PARAM_H -DHAVE_SYS_POLL_H -DHAVE_SYS_RESOURCE_H -DHAVE_SYS_SELECT_H -DHAVE_SYS_SOCKET_H -DHAVE_SYS_STAT_H -DHAVE_SYS_TIME_H -DHAVE_SYS_TYPES_H -DHAVE_SYS_UIO_H -DHAVE_SYS_UN_H -DHAVE_SYS_XATTR_H -DHAVE_ALLOCA_H -DHAVE_ARPA_INET_H -DHAVE_ARPA_TFTP_H -DHAVE_ASSERT_H -DHAVE_ERR_H -DHAVE_ERRNO_H -DHAVE_FCNTL_H -DHAVE_IFADDRS_H -DHAVE_LIBGEN_H -DHAVE_LOCALE_H -DHAVE_NET_IF_H -DHAVE_NETDB_H -DHAVE_NETINET_IN_H -DHAVE_NETINET_TCP_H -DHAVE_POLL_H -DHAVE_PWD_H -DHAVE_SETJMP_H -DHAVE_SGTTY_H -DHAVE_SIGNAL_H -DHAVE_STDBOOL_H -DHAVE_STDINT_H -DHAVE_STDIO_H -DHAVE_STDLIB_H -DHAVE_STRING_H -DHAVE_STRINGS_H -DHAVE_TERMIO_H -DHAVE_TERMIOS_H -DHAVE_TIME_H -DHAVE_UNISTD_H -DHAVE_UTIME_H -DHAVE_STDDEF_H -DHAVE_DLFCN_H -DHAVE_MALLOC_H -DHAVE_MEMORY_H -DHAVE_NETINET_IF_ETHER_H -DHAVE_STDINT_H -DHAVE_SYS_UTSNAME_H CMakeFiles/cmTC_6a18a.dir/CurlTests.c.o -o cmTC_6a18a 
gmake[1]: Leaving directory '/home/joshuamuthii/programming/discord_leetcode_bot/build/CMakeFiles/CMakeTmp'


Performing Curl Test HAVE_BOOL_T passed with the following output:
Change Dir: '/home/joshuamuthii/programming/discord_leetcode_bot/build/CMakeFiles/CMakeTmp'

Run Build Command(s): /usr/bin/cmake -E env VERBOSE=1 /usr/bin/gmake -f Makefile cmTC_cb4f1/fast
/usr/bin/gmake  -f CMakeFiles/cmTC_cb4f1.dir/build.make CMakeFiles/cmTC_cb4f1.dir/build
gmake[1]: Entering directory '/home/joshuamuthii/programming/discord_leetcode_bot/build/CMakeFiles/CMakeTmp'
Building C object CMakeFiles/cmTC_cb4f1.dir/CurlTests.c.o
/usr/bin/cc   -pedantic -Wall -W -Wpointer-arith -Wwrite-strings -Wunused -Wshadow -Winline -Wnested-externs -Wmissing-declarations -Wmissing-prototypes -Wno-long-long -Wfloat-equal -Wno-multichar -Wsign-compare -Wundef -Wno-format-nonliteral -Wendif-labels -Wstrict-prototypes -Wdeclaration-after-statement -Wstrict-aliasing=3 -Wcast-align -Wtype-limits -Wold-style-declaration -Wmissing-parameter-type -Wempty-body -Wclobbered -Wignored-qualifiers -Wconversion -Wno-sign-conversion -Wvla -Wdouble-promotion -Wno-system-headers -Wno-pedantic-ms-format -DHAVE_BOOL_T  -DHAVE_STDIO_H -DHAVE_INTTYPES_H -DHAVE_SYS_IOCTL_H -DHAVE_SYS_PARAM_H -DHAVE_SYS_POLL_H -DHAVE_SYS_RESOURCE_H -DHAVE_SYS_SELECT_H -DHAVE_SYS_SOCKET_H -DHAVE_SYS_STAT_H -DHAVE_SYS_TIME_H -DHAVE_SYS_TYPES_H -DHAVE_SYS_UIO_H -DHAVE_SYS_UN_H -DHAVE_SYS_XATTR_H -DHAVE_ALLOCA_H -DHAVE_ARPA_INET_H -DHAVE_ARPA_TFTP_H -DHAVE_ASSERT_H -DHAVE_ERR_H -DHAVE_ERRNO_H -DHAVE_FCNTL_H -DHAVE_IFADDRS_H -DHAVE_LIBGEN_H -DHAVE_LOCALE_H -DHAVE_NET_IF_H -DHAVE_NETDB_H -DHAVE_NETINET_IN_H -DHAVE_NETINET_TCP_H -DHAVE_POLL_H -DHAVE_PWD_H -DHAVE_SETJMP_H -DHAVE_SGTTY_H -DHAVE_SIGNAL_H -DHAVE_STDBOOL_H -DHAVE_STDINT_H -DHAVE_STDIO_H -DHAVE_STDLIB_H -DHAVE_STRING_H -DHAVE_STRINGS_H -DHAVE_TERMIO_H -DHAVE_TERMIOS_H -DHAVE_TIME_H -DHAVE_UNISTD_H -DHAVE_UTIME_H -DHAVE_STDDEF_H -DHAVE_DLFCN_H -DHAVE_MALLOC_H -DHAVE_MEMORY_H -DHAVE_NETINET_IF_ETHER_H -DHAVE_STDINT_H -DHAVE_SYS_UTSNAME_H -o CMakeFiles/cmTC_cb4f1.dir/CurlTests.c.o -c /home/joshuamuthii/programming/discord_leetcode_bot/build/_deps/curl-src/CMake/CurlTests.c
/home/joshuamuthii/programming/discord_leetcode_bot/build/_deps/curl-src/CMake/CurlTests.c:201:1: warning: function declaration isn’t a prototype [-Wstrict-prototypes]
  201 | main ()
      | ^~~~
cc1: note: unrecognized command-line option ‘-Wno-pedantic-ms-format’ may have been intended to silence earlier diagnostics
Linking C executable cmTC_cb4f1
/usr/bin/cmake -E cmake_link_script CMakeFiles/cmTC_cb4f1.dir/link.txt --verbose=1
/usr/bin/cc   -pedantic -Wall -W -Wpointer-arith -Wwrite-strings -Wunused -Wshadow -Winline -Wnested-externs -Wmissing-declarations -Wmissing-prototypes -Wno-long-long -Wfloat-equal -Wno-multichar -Wsign-compare -Wundef -Wno-format-nonliteral -Wendif-labels -Wstrict-prototypes -Wdeclaration-after-statement -Wstrict-aliasing=3 -Wcast-align -Wtype-limits -Wold-style-declaration -Wmissing-parameter-type -Wempty-body -Wclobbered -Wignored-qualifiers -Wconversion -Wno-sign-conversion -Wvla -Wdouble-promotion -Wno-system-headers -Wno-pedantic-ms-format -DHAVE_BOOL_T  -DHAVE_STDIO_H -DHAVE_INTTYPES_H -DHAVE_SYS_IOCTL_H -DHAVE_SYS_PARAM_H -DHAVE_SYS_POLL_H -DHAVE_SYS_RESOURCE_H -DHAVE_SYS_SELECT_H -DHAVE_SYS_SOCKET_H -DHAVE_SYS_STAT_H -DHAVE_SYS_TIME_H -DHAVE_SYS_TYPES_H -DHAVE_SYS_UIO_H -DHAVE_SYS_UN_H -DHAVE_SYS_XATTR_H -DHAVE_ALLOCA_H -DHAVE_ARPA_INET_H -DHAVE_ARPA_TFTP_H -DHAVE_ASSERT_H -DHAVE_ERR_H -DHAVE_ERRNO_H -DHAVE_FCNTL_H -DHAVE_IFADDRS_H -DHAVE_LIBGEN_H -DHAVE_LOCALE_H -DHAVE_NET_IF_H -DHAVE_NETDB_H -DHAVE_NETINET_IN_H -DHAVE_NETINET_TCP_H -DHAVE_POLL_H -DHAVE_PWD_H -DHAVE_SETJMP_H -DHAVE_SGTTY_H -DHAVE_SIGNAL_H -DHAVE_STDBOOL_H -DHAVE_STDINT_H -DHAVE_STDIO_H -DHAVE_STDLIB_H -DHAVE_STRING_H -DHAVE_STRINGS_H -DHAVE_TERMIO_H -DHAVE_TERMIOS_H -DHAVE_TIME_H -DHAVE_UNISTD_H -DHAVE_UTIME_H -DHAVE_STDDEF_H -DHAVE_DLFCN_H -DHAVE_MALLOC_H -DHAVE_MEMORY_H -DHAVE_NETINET_IF_ETHER_H -DHAVE_STDINT_H -DHAVE_SYS_UTSNAME_H CMakeFiles/cmTC_cb4f1.dir/CurlTests.c.o -o cmTC_cb4f1 
gmake[1]: Leaving directory '/home/joshuamuthii/programming/discord_leetcode_bot/build/CMakeFiles/CMakeTmp'


Performing Curl Test STDC_HEADERS passed with the following output:
Change Dir: '/home/joshuamuthii/programming/discord_leetcode_bot/build/CMakeFiles/CMakeTmp'

Run Build Command(s): /usr/bin/cmake -E env VERBOSE=1 /usr/bin/gmake -f Makefile cmTC_9b8cb/fast
/usr/bin/gmake  -f CMakeFiles/cmTC_9b8cb.dir/build.make CMakeFiles/cmTC_9b8cb.dir/build
gmake[1]: Entering directory '/home/joshuamuthii/programming/discord_leetcode_bot/build/CMakeFiles/CMakeTmp'
Building C object CMakeFiles/cmTC_9b8cb.dir/CurlTests.c.o
/usr/bin/cc   -pedantic -Wall -W -Wpointer-arith -Wwrite-strings -Wunused -Wshadow -Winline -Wnested-externs -Wmissing-declarations -Wmissing-prototypes -Wno-long-long -Wfloat-equal -Wno-multichar -Wsign-compare -Wundef -Wno-format-nonliteral -Wendif-labels -Wstrict-prototypes -Wdeclaration-after-statement -Wstrict-aliasing=3 -Wcast-align -Wtype-limits -Wold-style-declaration -Wmissing-parameter-type -Wempty-body -Wclobbered -Wignored-qualifiers -Wconversion -Wno-sign-conversion -Wvla -Wdouble-promotion -Wno-system-headers -Wno-pedantic-ms-format -DSTDC_HEADERS  -DHAVE_STDIO_H -DHAVE_INTTYPES_H -DHAVE_SYS_IOCTL_H -DHAVE_SYS_PARAM_H -DHAVE_SYS_POLL_H -DHAVE_SYS_RESOURCE_H -DHAVE_SYS_SELECT_H -DHAVE_SYS_SOCKET_H -DHAVE_SYS_STAT_H -DHAVE_SYS_TIME_H -DHAVE_SYS_TYPES_H -DHAVE_SYS_UIO_H -DHAVE_SYS_UN_H -DHAVE_SYS_XATTR_H -DHAVE_ALLOCA_H -DHAVE_ARPA_INET_H -DHAVE_ARPA_TFTP_H -DHAVE_ASSERT_H -DHAVE_ERR_H -DHAVE_ERRNO_H -DHAVE_FCNTL_H -DHAVE_IFADDRS_H -DHAVE_LIBGEN_H -DHAVE_LOCALE_H -DHAVE_NET_IF_H -DHAVE_NETDB_H -DHAVE_NETINET_IN_H -DHAVE_NETINET_TCP_H -DHAVE_POLL_H -DHAVE_PWD_H -DHAVE_SETJMP_H -DHAVE_SGTTY_H -DHAVE_SIGNAL_H -DHAVE_STDBOOL_H -DHAVE_STDINT_H -DHAVE_STDIO_H -DHAVE_STDLIB_H -DHAVE_STRING_H -DHAVE_STRINGS_H -DHAVE_TERMIO_H -DHAVE_TERMIOS_H -DHAVE_TIME_H -DHAVE_UNISTD_H -DHAVE_UTIME_H -DHAVE_STDDEF_H -DHAVE_DLFCN_H -DHAVE_MALLOC_H -DHAVE_MEMORY_H -DHAVE_NETINET_IF_ETHER_H -DHAVE_STDINT_H -DHAVE_SYS_UTSNAME_H -o CMakeFiles/cmTC_9b8cb.dir/CurlTests.c.o -c /home/joshuamuthii/programming/discord_leetcode_bot/build/_deps/curl-src/CMake/CurlTests.c
/home/joshuamuthii/programming/discord_leetcode_bot/build/_deps/curl-src/CMake/CurlTests.c:215:5: warning: function declaration isn’t a prototype [-Wstrict-prototypes]
  215 | int main() { return 0; }
      |     ^~~~
cc1: note: unrecognized command-line option ‘-Wno-pedantic-ms-format’ may have been intended to silence earlier diagnostics
Linking C executable cmTC_9b8cb
/usr/bin/cmake -E cmake_link_script CMakeFiles/cmTC_9b8cb.dir/link.txt --verbose=1
/usr/bin/cc   -pedantic -Wall -W -Wpointer-arith -Wwrite-strings -Wunused -Wshadow -Winline -Wnested-externs -Wmissing-declarations -Wmissing-prototypes -Wno-long-long -Wfloat-equal -Wno-multichar -Wsign-compare -Wundef -Wno-format-nonliteral -Wendif-labels -Wstrict-prototypes -Wdeclaration-after-statement -Wstrict-aliasing=3 -Wcast-align -Wtype-limits -Wold-style-declaration -Wmissing-parameter-type -Wempty-body -Wclobbered -Wignored-qualifiers -Wconversion -Wno-sign-conversion -Wvla -Wdouble-promotion -Wno-system-headers -Wno-pedantic-ms-format -DSTDC_HEADERS  -DHAVE_STDIO_H -DHAVE_INTTYPES_H -DHAVE_SYS_IOCTL_H -DHAVE_SYS_PARAM_H -DHAVE_SYS_POLL_H -DHAVE_SYS_RESOURCE_H -DHAVE_SYS_SELECT_H -DHAVE_SYS_SOCKET_H -DHAVE_SYS_STAT_H -DHAVE_SYS_TIME_H -DHAVE_SYS_TYPES_H -DHAVE_SYS_UIO_H -DHAVE_SYS_UN_H -DHAVE_SYS_XATTR_H -DHAVE_ALLOCA_H -DHAVE_ARPA_INET_H -DHAVE_ARPA_TFTP_H -DHAVE_ASSERT_H -DHAVE_ERR_H -DHAVE_ERRNO_H -DHAVE_FCNTL_H -DHAVE_IFADDRS_H -DHAVE_LIBGEN_H -DHAVE_LOCALE_H -DHAVE_NET_IF_H -DHAVE_NETDB_H -DHAVE_NETINET_IN_H -DHAVE_NETINET_TCP_H -DHAVE_POLL_H -DHAVE_PWD_H -DHAVE_SETJMP_H -DHAVE_SGTTY_H -DHAVE_SIGNAL_H -DHAVE_STDBOOL_H -DHAVE_STDINT_H -DHAVE_STDIO_H -DHAVE_STDLIB_H -DHAVE_STRING_H -DHAVE_STRINGS_H -DHAVE_TERMIO_H -DHAVE_TERMIOS_H -DHAVE_TIME_H -DHAVE_UNISTD_H -DHAVE_UTIME_H -DHAVE_STDDEF_H -DHAVE_DLFCN_H -DHAVE_MALLOC_H -DHAVE_MEMORY_H -DHAVE_NETINET_IF_ETHER_H -DHAVE_STDINT_H -DHAVE_SYS_UTSNAME_H CMakeFiles/cmTC_9b8cb.dir/CurlTests.c.o -o cmTC_9b8cb 
gmake[1]: Leaving directory '/home/joshuamuthii/programming/discord_leetcode_bot/build/CMakeFiles/CMakeTmp'


Performing Curl Test RETSIGTYPE_TEST passed with the following output:
Change Dir: '/home/joshuamuthii/programming/discord_leetcode_bot/build/CMakeFiles/CMakeTmp'

Run Build Command(s): /usr/bin/cmake -E env VERBOSE=1 /usr/bin/gmake -f Makefile cmTC_1ce82/fast
/usr/bin/gmake  -f CMakeFiles/cmTC_1ce82.dir/build.make CMakeFiles/cmTC_1ce82.dir/build
gmake[1]: Entering directory '/home/joshuamuthii/programming/discord_leetcode_bot/build/CMakeFiles/CMakeTmp'
Building C object CMakeFiles/cmTC_1ce82.dir/CurlTests.c.o
/usr/bin/cc   -pedantic -Wall -W -Wpointer-arith -Wwrite-strings -Wunused -Wshadow -Winline -Wnested-externs -Wmissing-declarations -Wmissing-prototypes -Wno-long-long -Wfloat-equal -Wno-multichar -Wsign-compare -Wundef -Wno-format-nonliteral -Wendif-labels -Wstrict-prototypes -Wdeclaration-after-statement -Wstrict-aliasing=3 -Wcast-align -Wtype-limits -Wold-style-declaration -Wmissing-parameter-type -Wempty-body -Wclobbered -Wignored-qualifiers -Wconversion -Wno-sign-conversion -Wvla -Wdouble-promotion -Wno-system-headers -Wno-pedantic-ms-format -DRETSIGTYPE_TEST  -DHAVE_STDIO_H -DHAVE_INTTYPES_H -DHAVE_SYS_IOCTL_H -DHAVE_SYS_PARAM_H -DHAVE_SYS_POLL_H -DHAVE_SYS_RESOURCE_H -DHAVE_SYS_SELECT_H -DHAVE_SYS_SOCKET_H -DHAVE_SYS_STAT_H -DHAVE_SYS_TIME_H -DHAVE_SYS_TYPES_H -DHAVE_SYS_UIO_H -DHAVE_SYS_UN_H -DHAVE_SYS_XATTR_H -DHAVE_ALLOCA_H -DHAVE_ARPA_INET_H -DHAVE_ARPA_TFTP_H -DHAVE_ASSERT_H -DHAVE_ERR_H -DHAVE_ERRNO_H -DHAVE_FCNTL_H -DHAVE_IFADDRS_H -DHAVE_LIBGEN_H -DHAVE_LOCALE_H -DHAVE_NET_IF_H -DHAVE_NETDB_H -DHAVE_NETINET_IN_H -DHAVE_NETINET_TCP_H -DHAVE_POLL_H -DHAVE_PWD_H -DHAVE_SETJMP_H -DHAVE_SGTTY_H -DHAVE_SIGNAL_H -DHAVE_STDBOOL_H -DHAVE_STDINT_H -DHAVE_STDIO_H -DHAVE_STDLIB_H -DHAVE_STRING_H -DHAVE_STRINGS_H -DHAVE_TERMIO_H -DHAVE_TERMIOS_H -DHAVE_TIME_H -DHAVE_UNISTD_H -DHAVE_UTIME_H -DHAVE_STDDEF_H -DHAVE_DLFCN_H -DHAVE_MALLOC_H -DHAVE_MEMORY_H -DHAVE_NETINET_IF_ETHER_H -DHAVE_STDINT_H -DHAVE_SYS_UTSNAME_H -o CMakeFiles/cmTC_1ce82.dir/CurlTests.c.o -c /home/joshuamuthii/programming/discord_leetcode_bot/build/_deps/curl-src/CMake/CurlTests.c
/home/joshuamuthii/programming/discord_leetcode_bot/build/_deps/curl-src/CMake/CurlTests.c:226:1: warning: function declaration isn’t a prototype [-Wstrict-prototypes]
  226 | void (*signal ()) ();
      | ^~~~
/home/joshuamuthii/programming/discord_leetcode_bot/build/_deps/curl-src/CMake/CurlTests.c:226:1: warning: function declaration isn’t a prototype [-Wstrict-prototypes]
/home/joshuamuthii/programming/discord_leetcode_bot/build/_deps/curl-src/CMake/CurlTests.c:230:1: warning: function declaration isn’t a prototype [-Wstrict-prototypes]
  230 | main ()
      | ^~~~
cc1: note: unrecognized command-line option ‘-Wno-pedantic-ms-format’ may have been intended to silence earlier diagnostics
Linking C executable cmTC_1ce82
/usr/bin/cmake -E cmake_link_script CMakeFiles/cmTC_1ce82.dir/link.txt --verbose=1
/usr/bin/cc   -pedantic -Wall -W -Wpointer-arith -Wwrite-strings -Wunused -Wshadow -Winline -Wnested-externs -Wmissing-declarations -Wmissing-prototypes -Wno-long-long -Wfloat-equal -Wno-multichar -Wsign-compare -Wundef -Wno-format-nonliteral -Wendif-labels -Wstrict-prototypes -Wdeclaration-after-statement -Wstrict-aliasing=3 -Wcast-align -Wtype-limits -Wold-style-declaration -Wmissing-parameter-type -Wempty-body -Wclobbered -Wignored-qualifiers -Wconversion -Wno-sign-conversion -Wvla -Wdouble-promotion -Wno-system-headers -Wno-pedantic-ms-format -DRETSIGTYPE_TEST  -DHAVE_STDIO_H -DHAVE_INTTYPES_H -DHAVE_SYS_IOCTL_H -DHAVE_SYS_PARAM_H -DHAVE_SYS_POLL_H -DHAVE_SYS_RESOURCE_H -DHAVE_SYS_SELECT_H -DHAVE_SYS_SOCKET_H -DHAVE_SYS_STAT_H -DHAVE_SYS_TIME_H -DHAVE_SYS_TYPES_H -DHAVE_SYS_UIO_H -DHAVE_SYS_UN_H -DHAVE_SYS_XATTR_H -DHAVE_ALLOCA_H -DHAVE_ARPA_INET_H -DHAVE_ARPA_TFTP_H -DHAVE_ASSERT_H -DHAVE_ERR_H -DHAVE_ERRNO_H -DHAVE_FCNTL_H -DHAVE_IFADDRS_H -DHAVE_LIBGEN_H -DHAVE_LOCALE_H -DHAVE_NET_IF_H -DHAVE_NETDB_H -DHAVE_NETINET_IN_H -DHAVE_NETINET_TCP_H -DHAVE_POLL_H -DHAVE_PWD_H -DHAVE_SETJMP_H -DHAVE_SGTTY_H -DHAVE_SIGNAL_H -DHAVE_STDBOOL_H -DHAVE_STDINT_H -DHAVE_STDIO_H -DHAVE_STDLIB_H -DHAVE_STRING_H -DHAVE_STRINGS_H -DHAVE_TERMIO_H -DHAVE_TERMIOS_H -DHAVE_TIME_H -DHAVE_UNISTD_H -DHAVE_UTIME_H -DHAVE_STDDEF_H -DHAVE_DLFCN_H -DHAVE_MALLOC_H -DHAVE_MEMORY_H -DHAVE_NETINET_IF_ETHER_H -DHAVE_STDINT_H -DHAVE_SYS_UTSNAME_H CMakeFiles/cmTC_1ce82.dir/CurlTests.c.o -o cmTC_1ce82 
gmake[1]: Leaving directory '/home/joshuamuthii/programming/discord_leetcode_bot/build/CMakeFiles/CMakeTmp'


Performing Curl Test HAVE_FILE_OFFSET_BITS passed with the following output:
Change Dir: '/home/joshuamuthii/programming/discord_leetcode_bot/build/CMakeFiles/CMakeTmp'

Run Build Command(s): /usr/bin/cmake -E env VERBOSE=1 /usr/bin/gmake -f Makefile cmTC_6229a/fast
/usr/bin/gmake  -f CMakeFiles/cmTC_6229a.dir/build.make CMakeFiles/cmTC_6229a.dir/build
gmake[1]: Entering directory '/home/joshuamuthii/programming/discord_leetcode_bot/build/CMakeFiles/CMakeTmp'
Building C object CMakeFiles/cmTC_6229a.dir/CurlTests.c.o
/usr/bin/cc   -pedantic -Wall -W -Wpointer-arith -Wwrite-strings -Wunused -Wshadow -Winline -Wnested-externs -Wmissing-declarations -Wmissing-prototypes -Wno-long-long -Wfloat-equal -Wno-multichar -Wsign-compare -Wundef -Wno-format-nonliteral -Wendif-labels -Wstrict-prototypes -Wdeclaration-after-statement -Wstrict-aliasing=3 -Wcast-align -Wtype-limits -Wold-style-declaration -Wmissing-parameter-type -Wempty-body -Wclobbered -Wignored-qualifiers -Wconversion -Wno-sign-conversion -Wvla -Wdouble-promotion -Wno-system-headers -Wno-pedantic-ms-format -DHAVE_FILE_OFFSET_BITS  -DHAVE_STDIO_H -DHAVE_INTTYPES_H -DHAVE_SYS_IOCTL_H -DHAVE_SYS_PARAM_H -DHAVE_SYS_POLL_H -DHAVE_SYS_RESOURCE_H -DHAVE_SYS_SELECT_H -DHAVE_SYS_SOCKET_H -DHAVE_SYS_STAT_H -DHAVE_SYS_TIME_H -DHAVE_SYS_TYPES_H -DHAVE_SYS_UIO_H -DHAVE_SYS_UN_H -DHAVE_SYS_XATTR_H -DHAVE_ALLOCA_H -DHAVE_ARPA_INET_H -DHAVE_ARPA_TFTP_H -DHAVE_ASSERT_H -DHAVE_ERR_H -DHAVE_ERRNO_H -DHAVE_FCNTL_H -DHAVE_IFADDRS_H -DHAVE_LIBGEN_H -DHAVE_LOCALE_H -DHAVE_NET_IF_H -DHAVE_NETDB_H -DHAVE_NETINET_IN_H -DHAVE_NETINET_TCP_H -DHAVE_POLL_H -DHAVE_PWD_H -DHAVE_SETJMP_H -DHAVE_SGTTY_H -DHAVE_SIGNAL_H -DHAVE_STDBOOL_H -DHAVE_STDINT_H -DHAVE_STDIO_H -DHAVE_STDLIB_H -DHAVE_STRING_H -DHAVE_STRINGS_H -DHAVE_TERMIO_H -DHAVE_TERMIOS_H -DHAVE_TIME_H -DHAVE_UNISTD_H -DHAVE_UTIME_H -DHAVE_STDDEF_H -DHAVE_DLFCN_H -DHAVE_MALLOC_H -DHAVE_MEMORY_H -DHAVE_NETINET_IF_ETHER_H -DHAVE_STDINT_H -DHAVE_SYS_UTSNAME_H -o CMakeFiles/cmTC_6229a.dir/CurlTests.c.o -c /home/joshuamuthii/programming/discord_leetcode_bot/build/_deps/curl-src/CMake/CurlTests.c
/home/joshuamuthii/programming/discord_leetcode_bot/build/_deps/curl-src/CMake/CurlTests.c:302:5: warning: function declaration isn’t a prototype [-Wstrict-prototypes]
  302 | int main () { ; return 0; }
      |     ^~~~
cc1: note: unrecognized command-line option ‘-Wno-pedantic-ms-format’ may have been intended to silence earlier diagnostics
Linking C executable cmTC_6229a
/usr/bin/cmake -E cmake_link_script CMakeFiles/cmTC_6229a.dir/link.txt --verbose=1
/usr/bin/cc   -pedantic -Wall -W -Wpointer-arith -Wwrite-strings -Wunused -Wshadow -Winline -Wnested-externs -Wmissing-declarations -Wmissing-prototypes -Wno-long-long -Wfloat-equal -Wno-multichar -Wsign-compare -Wundef -Wno-format-nonliteral -Wendif-labels -Wstrict-prototypes -Wdeclaration-after-statement -Wstrict-aliasing=3 -Wcast-align -Wtype-limits -Wold-style-declaration -Wmissing-parameter-type -Wempty-body -Wclobbered -Wignored-qualifiers -Wconversion -Wno-sign-conversion -Wvla -Wdouble-promotion -Wno-system-headers -Wno-pedantic-ms-format -DHAVE_FILE_OFFSET_BITS  -DHAVE_STDIO_H -DHAVE_INTTYPES_H -DHAVE_SYS_IOCTL_H -DHAVE_SYS_PARAM_H -DHAVE_SYS_POLL_H -DHAVE_SYS_RESOURCE_H -DHAVE_SYS_SELECT_H -DHAVE_SYS_SOCKET_H -DHAVE_SYS_STAT_H -DHAVE_SYS_TIME_H -DHAVE_SYS_TYPES_H -DHAVE_SYS_UIO_H -DHAVE_SYS_UN_H -DHAVE_SYS_XATTR_H -DHAVE_ALLOCA_H -DHAVE_ARPA_INET_H -DHAVE_ARPA_TFTP_H -DHAVE_ASSERT_H -DHAVE_ERR_H -DHAVE_ERRNO_H -DHAVE_FCNTL_H -DHAVE_IFADDRS_H -DHAVE_LIBGEN_H -DHAVE_LOCALE_H -DHAVE_NET_IF_H -DHAVE_NETDB_H -DHAVE_NETINET_IN_H -DHAVE_NETINET_TCP_H -DHAVE_POLL_H -DHAVE_PWD_H -DHAVE_SETJMP_H -DHAVE_SGTTY_H -DHAVE_SIGNAL_H -DHAVE_STDBOOL_H -DHAVE_STDINT_H -DHAVE_STDIO_H -DHAVE_STDLIB_H -DHAVE_STRING_H -DHAVE_STRINGS_H -DHAVE_TERMIO_H -DHAVE_TERMIOS_H -DHAVE_TIME_H -DHAVE_UNISTD_H -DHAVE_UTIME_H -DHAVE_STDDEF_H -DHAVE_DLFCN_H -DHAVE_MALLOC_H -DHAVE_MEMORY_H -DHAVE_NETINET_IF_ETHER_H -DHAVE_STDINT_H -DHAVE_SYS_UTSNAME_H CMakeFiles/cmTC_6229a.dir/CurlTests.c.o -o cmTC_6229a 
gmake[1]: Leaving directory '/home/joshuamuthii/programming/discord_leetcode_bot/build/CMakeFiles/CMakeTmp'


Performing Curl Test HAVE_VARIADIC_MACROS_C99 passed with the following output:
Change Dir: '/home/joshuamuthii/programming/discord_leetcode_bot/build/CMakeFiles/CMakeTmp'

Run Build Command(s): /usr/bin/cmake -E env VERBOSE=1 /usr/bin/gmake -f Makefile cmTC_2fe11/fast
/usr/bin/gmake  -f CMakeFiles/cmTC_2fe11.dir/build.make CMakeFiles/cmTC_2fe11.dir/build
gmake[1]: Entering directory '/home/joshuamuthii/programming/discord_leetcode_bot/build/CMakeFiles/CMakeTmp'
Building C object CMakeFiles/cmTC_2fe11.dir/CurlTests.c.o
/usr/bin/cc   -pedantic -Wall -W -Wpointer-arith -Wwrite-strings -Wunused -Wshadow -Winline -Wnested-externs -Wmissing-declarations -Wmissing-prototypes -Wno-long-long -Wfloat-equal -Wno-multichar -Wsign-compare -Wundef -Wno-format-nonliteral -Wendif-labels -Wstrict-prototypes -Wdeclaration-after-statement -Wstrict-aliasing=3 -Wcast-align -Wtype-limits -Wold-style-declaration -Wmissing-parameter-type -Wempty-body -Wclobbered -Wignored-qualifiers -Wconversion -Wno-sign-conversion -Wvla -Wdouble-promotion -Wno-system-headers -Wno-pedantic-ms-format -DHAVE_VARIADIC_MACROS_C99  -DHAVE_STDIO_H -DHAVE_INTTYPES_H -DHAVE_SYS_IOCTL_H -DHAVE_SYS_PARAM_H -DHAVE_SYS_POLL_H -DHAVE_SYS_RESOURCE_H -DHAVE_SYS_SELECT_H -DHAVE_SYS_SOCKET_H -DHAVE_SYS_STAT_H -DHAVE_SYS_TIME_H -DHAVE_SYS_TYPES_H -DHAVE_SYS_UIO_H -DHAVE_SYS_UN_H -DHAVE_SYS_XATTR_H -DHAVE_ALLOCA_H -DHAVE_ARPA_INET_H -DHAVE_ARPA_TFTP_H -DHAVE_ASSERT_H -DHAVE_ERR_H -DHAVE_ERRNO_H -DHAVE_FCNTL_H -DHAVE_IFADDRS_H -DHAVE_LIBGEN_H -DHAVE_LOCALE_H -DHAVE_NET_IF_H -DHAVE_NETDB_H -DHAVE_NETINET_IN_H -DHAVE_NETINET_TCP_H -DHAVE_POLL_H -DHAVE_PWD_H -DHAVE_SETJMP_H -DHAVE_SGTTY_H -DHAVE_SIGNAL_H -DHAVE_STDBOOL_H -DHAVE_STDINT_H -DHAVE_STDIO_H -DHAVE_STDLIB_H -DHAVE_STRING_H -DHAVE_STRINGS_H -DHAVE_TERMIO_H -DHAVE_TERMIOS_H -DHAVE_TIME_H -DHAVE_UNISTD_H -DHAVE_UTIME_H -DHAVE_STDDEF_H -DHAVE_DLFCN_H -DHAVE_MALLOC_H -DHAVE_MEMORY_H -DHAVE_NETINET_IF_ETHER_H -DHAVE_STDINT_H -DHAVE_SYS_UTSNAME_H -o CMakeFiles/cmTC_2fe11.dir/CurlTests.c.o -c /home/joshuamuthii/programming/discord_leetcode_bot/build/_deps/curl-src/CMake/CurlTests.c
/home/joshuamuthii/programming/discord_leetcode_bot/build/_deps/curl-src/CMake/CurlTests.c:587:1: warning: function declaration isn’t a prototype [-Wstrict-prototypes]
  587 | main() {
      | ^~~~
cc1: note: unrecognized command-line option ‘-Wno-pedantic-ms-format’ may have been intended to silence earlier diagnostics
Linking C executable cmTC_2fe11
/usr/bin/cmake -E cmake_link_script CMakeFiles/cmTC_2fe11.dir/link.txt --verbose=1
/usr/bin/cc   -pedantic -Wall -W -Wpointer-arith -Wwrite-strings -Wunused -Wshadow -Winline -Wnested-externs -Wmissing-declarations -Wmissing-prototypes -Wno-long-long -Wfloat-equal -Wno-multichar -Wsign-compare -Wundef -Wno-format-nonliteral -Wendif-labels -Wstrict-prototypes -Wdeclaration-after-statement -Wstrict-aliasing=3 -Wcast-align -Wtype-limits -Wold-style-declaration -Wmissing-parameter-type -Wempty-body -Wclobbered -Wignored-qualifiers -Wconversion -Wno-sign-conversion -Wvla -Wdouble-promotion -Wno-system-headers -Wno-pedantic-ms-format -DHAVE_VARIADIC_MACROS_C99  -DHAVE_STDIO_H -DHAVE_INTTYPES_H -DHAVE_SYS_IOCTL_H -DHAVE_SYS_PARAM_H -DHAVE_SYS_POLL_H -DHAVE_SYS_RESOURCE_H -DHAVE_SYS_SELECT_H -DHAVE_SYS_SOCKET_H -DHAVE_SYS_STAT_H -DHAVE_SYS_TIME_H -DHAVE_SYS_TYPES_H -DHAVE_SYS_UIO_H -DHAVE_SYS_UN_H -DHAVE_SYS_XATTR_H -DHAVE_ALLOCA_H -DHAVE_ARPA_INET_H -DHAVE_ARPA_TFTP_H -DHAVE_ASSERT_H -DHAVE_ERR_H -DHAVE_ERRNO_H -DHAVE_FCNTL_H -DHAVE_IFADDRS_H -DHAVE_LIBGEN_H -DHAVE_LOCALE_H -DHAVE_NET_IF_H -DHAVE_NETDB_H -DHAVE_NETINET_IN_H -DHAVE_NETINET_TCP_H -DHAVE_POLL_H -DHAVE_PWD_H -DHAVE_SETJMP_H -DHAVE_SGTTY_H -DHAVE_SIGNAL_H -DHAVE_STDBOOL_H -DHAVE_STDINT_H -DHAVE_STDIO_H -DHAVE_STDLIB_H -DHAVE_STRING_H -DHAVE_STRINGS_H -DHAVE_TERMIO_H -DHAVE_TERMIOS_H -DHAVE_TIME_H -DHAVE_UNISTD_H -DHAVE_UTIME_H -DHAVE_STDDEF_H -DHAVE_DLFCN_H -DHAVE_MALLOC_H -DHAVE_MEMORY_H -DHAVE_NETINET_IF_ETHER_H -DHAVE_STDINT_H -DHAVE_SYS_UTSNAME_H CMakeFiles/cmTC_2fe11.dir/CurlTests.c.o -o cmTC_2fe11 
gmake[1]: Leaving directory '/home/joshuamuthii/programming/discord_leetcode_bot/build/CMakeFiles/CMakeTmp'


Performing Curl Test HAVE_VARIADIC_MACROS_GCC passed with the following output:
Change Dir: '/home/joshuamuthii/programming/discord_leetcode_bot/build/CMakeFiles/CMakeTmp'

Run Build Command(s): /usr/bin/cmake -E env VERBOSE=1 /usr/bin/gmake -f Makefile cmTC_34518/fast
/usr/bin/gmake  -f CMakeFiles/cmTC_34518.dir/build.make CMakeFiles/cmTC_34518.dir/build
gmake[1]: Entering directory '/home/joshuamuthii/programming/discord_leetcode_bot/build/CMakeFiles/CMakeTmp'
Building C object CMakeFiles/cmTC_34518.dir/CurlTests.c.o
/usr/bin/cc   -pedantic -Wall -W -Wpointer-arith -Wwrite-strings -Wunused -Wshadow -Winline -Wnested-externs -Wmissing-declarations -Wmissing-prototypes -Wno-long-long -Wfloat-equal -Wno-multichar -Wsign-compare -Wundef -Wno-format-nonliteral -Wendif-labels -Wstrict-prototypes -Wdeclaration-after-statement -Wstrict-aliasing=3 -Wcast-align -Wtype-limits -Wold-style-declaration -Wmissing-parameter-type -Wempty-body -Wclobbered -Wignored-qualifiers -Wconversion -Wno-sign-conversion -Wvla -Wdouble-promotion -Wno-system-headers -Wno-pedantic-ms-format -DHAVE_VARIADIC_MACROS_GCC  -DHAVE_STDIO_H -DHAVE_INTTYPES_H -DHAVE_SYS_IOCTL_H -DHAVE_SYS_PARAM_H -DHAVE_SYS_POLL_H -DHAVE_SYS_RESOURCE_H -DHAVE_SYS_SELECT_H -DHAVE_SYS_SOCKET_H -DHAVE_SYS_STAT_H -DHAVE_SYS_TIME_H -DHAVE_SYS_TYPES_H -DHAVE_SYS_UIO_H -DHAVE_SYS_UN_H -DHAVE_SYS_XATTR_H -DHAVE_ALLOCA_H -DHAVE_ARPA_INET_H -DHAVE_ARPA_TFTP_H -DHAVE_ASSERT_H -DHAVE_ERR_H -DHAVE_ERRNO_H -DHAVE_FCNTL_H -DHAVE_IFADDRS_H -DHAVE_LIBGEN_H -DHAVE_LOCALE_H -DHAVE_NET_IF_H -DHAVE_NETDB_H -DHAVE_NETINET_IN_H -DHAVE_NETINET_TCP_H -DHAVE_POLL_H -DHAVE_PWD_H -DHAVE_SETJMP_H -DHAVE_SGTTY_H -DHAVE_SIGNAL_H -DHAVE_STDBOOL_H -DHAVE_STDINT_H -DHAVE_STDIO_H -DHAVE_STDLIB_H -DHAVE_STRING_H -DHAVE_STRINGS_H -DHAVE_TERMIO_H -DHAVE_TERMIOS_H -DHAVE_TIME_H -DHAVE_UNISTD_H -DHAVE_UTIME_H -DHAVE_STDDEF_H -DHAVE_DLFCN_H -DHAVE_MALLOC_H -DHAVE_MEMORY_H -DHAVE_NETINET_IF_ETHER_H -DHAVE_STDINT_H -DHAVE_SYS_UTSNAME_H -o CMakeFiles/cmTC_34518.dir/CurlTests.c.o -c /home/joshuamuthii/programming/discord_leetcode_bot/build/_deps/curl-src/CMake/CurlTests.c
/home/joshuamuthii/programming/discord_leetcode_bot/build/_deps/curl-src/CMake/CurlTests.c:596:32: warning: ISO C does not permit named variadic macros [-Wvariadic-macros]
  596 | #define gcc_vmacro3(first, args...) fun3(first, args)
      |                                ^~~
/home/joshuamuthii/programming/discord_leetcode_bot/build/_deps/curl-src/CMake/CurlTests.c:597:32: warning: ISO C does not permit named variadic macros [-Wvariadic-macros]
  597 | #define gcc_vmacro2(first, args...) fun2(first, args)
      |                                ^~~
/home/joshuamuthii/programming/discord_leetcode_bot/build/_deps/curl-src/CMake/CurlTests.c:610:1: warning: function declaration isn’t a prototype [-Wstrict-prototypes]
  610 | main() {
      | ^~~~
cc1: note: unrecognized command-line option ‘-Wno-pedantic-ms-format’ may have been intended to silence earlier diagnostics
Linking C executable cmTC_34518
/usr/bin/cmake -E cmake_link_script CMakeFiles/cmTC_34518.dir/link.txt --verbose=1
/usr/bin/cc   -pedantic -Wall -W -Wpointer-arith -Wwrite-strings -Wunused -Wshadow -Winline -Wnested-externs -Wmissing-declarations -Wmissing-prototypes -Wno-long-long -Wfloat-equal -Wno-multichar -Wsign-compare -Wundef -Wno-format-nonliteral -Wendif-labels -Wstrict-prototypes -Wdeclaration-after-statement -Wstrict-aliasing=3 -Wcast-align -Wtype-limits -Wold-style-declaration -Wmissing-parameter-type -Wempty-body -Wclobbered -Wignored-qualifiers -Wconversion -Wno-sign-conversion -Wvla -Wdouble-promotion -Wno-system-headers -Wno-pedantic-ms-format -DHAVE_VARIADIC_MACROS_GCC  -DHAVE_STDIO_H -DHAVE_INTTYPES_H -DHAVE_SYS_IOCTL_H -DHAVE_SYS_PARAM_H -DHAVE_SYS_POLL_H -DHAVE_SYS_RESOURCE_H -DHAVE_SYS_SELECT_H -DHAVE_SYS_SOCKET_H -DHAVE_SYS_STAT_H -DHAVE_SYS_TIME_H -DHAVE_SYS_TYPES_H -DHAVE_SYS_UIO_H -DHAVE_SYS_UN_H -DHAVE_SYS_XATTR_H -DHAVE_ALLOCA_H -DHAVE_ARPA_INET_H -DHAVE_ARPA_TFTP_H -DHAVE_ASSERT_H -DHAVE_ERR_H -DHAVE_ERRNO_H -DHAVE_FCNTL_H -DHAVE_IFADDRS_H -DHAVE_LIBGEN_H -DHAVE_LOCALE_H -DHAVE_NET_IF_H -DHAVE_NETDB_H -DHAVE_NETINET_IN_H -DHAVE_NETINET_TCP_H -DHAVE_POLL_H -DHAVE_PWD_H -DHAVE_SETJMP_H -DHAVE_SGTTY_H -DHAVE_SIGNAL_H -DHAVE_STDBOOL_H -DHAVE_STDINT_H -DHAVE_STDIO_H -DHAVE_STDLIB_H -DHAVE_STRING_H -DHAVE_STRINGS_H -DHAVE_TERMIO_H -DHAVE_TERMIOS_H -DHAVE_TIME_H -DHAVE_UNISTD_H -DHAVE_UTIME_H -DHAVE_STDDEF_H -DHAVE_DLFCN_H -DHAVE_MALLOC_H -DHAVE_MEMORY_H -DHAVE_NETINET_IF_ETHER_H -DHAVE_STDINT_H -DHAVE_SYS_UTSNAME_H CMakeFiles/cmTC_34518.dir/CurlTests.c.o -o cmTC_34518 
gmake[1]: Leaving directory '/home/joshuamuthii/programming/discord_leetcode_bot/build/CMakeFiles/CMakeTmp'


Performing Curl Test HAVE_POSIX_STRERROR_R passed with the following output:
Change Dir: '/home/joshuamuthii/programming/discord_leetcode_bot/build/CMakeFiles/CMakeTmp'

Run Build Command(s): /usr/bin/cmake -E env VERBOSE=1 /usr/bin/gmake -f Makefile cmTC_1c939/fast
/usr/bin/gmake  -f CMakeFiles/cmTC_1c939.dir/build.make CMakeFiles/cmTC_1c939.dir/build
gmake[1]: Entering directory '/home/joshuamuthii/programming/discord_leetcode_bot/build/CMakeFiles/CMakeTmp'
Building C object CMakeFiles/cmTC_1c939.dir/CurlTests.c.o
/usr/bin/cc   -pedantic -Wall -W -Wpointer-arith -Wwrite-strings -Wunused -Wshadow -Winline -Wnested-externs -Wmissing-declarations -Wmissing-prototypes -Wno-long-long -Wfloat-equal -Wno-multichar -Wsign-compare -Wundef -Wno-format-nonliteral -Wendif-labels -Wstrict-prototypes -Wdeclaration-after-statement -Wstrict-aliasing=3 -Wcast-align -Wtype-limits -Wold-style-declaration -Wmissing-parameter-type -Wempty-body -Wclobbered -Wignored-qualifiers -Wconversion -Wno-sign-conversion -Wvla -Wdouble-promotion -Wno-system-headers -Wno-pedantic-ms-format -DHAVE_POSIX_STRERROR_R  -DHAVE_STDIO_H -DHAVE_INTTYPES_H -DHAVE_SYS_IOCTL_H -DHAVE_SYS_PARAM_H -DHAVE_SYS_POLL_H -DHAVE_SYS_RESOURCE_H -DHAVE_SYS_SELECT_H -DHAVE_SYS_SOCKET_H -DHAVE_SYS_STAT_H -DHAVE_SYS_TIME_H -DHAVE_SYS_TYPES_H -DHAVE_SYS_UIO_H -DHAVE_SYS_UN_H -DHAVE_SYS_XATTR_H -DHAVE_ALLOCA_H -DHAVE_ARPA_INET_H -DHAVE_ARPA_TFTP_H -DHAVE_ASSERT_H -DHAVE_ERR_H -DHAVE_ERRNO_H -DHAVE_FCNTL_H -DHAVE_IFADDRS_H -DHAVE_LIBGEN_H -DHAVE_LOCALE_H -DHAVE_NET_IF_H -DHAVE_NETDB_H -DHAVE_NETINET_IN_H -DHAVE_NETINET_TCP_H -DHAVE_POLL_H -DHAVE_PWD_H -DHAVE_SETJMP_H -DHAVE_SGTTY_H -DHAVE_SIGNAL_H -DHAVE_STDBOOL_H -DHAVE_STDINT_H -DHAVE_STDIO_H -DHAVE_STDLIB_H -DHAVE_STRING_H -DHAVE_STRINGS_H -DHAVE_TERMIO_H -DHAVE_TERMIOS_H -DHAVE_TIME_H -DHAVE_UNISTD_H -DHAVE_UTIME_H -DHAVE_STDDEF_H -DHAVE_DLFCN_H -DHAVE_MALLOC_H -DHAVE_MEMORY_H -DHAVE_NETINET_IF_ETHER_H -DHAVE_STDINT_H -DHAVE_SYS_UTSNAME_H -o CMakeFiles/cmTC_1c939.dir/CurlTests.c.o -c /home/joshuamuthii/programming/discord_leetcode_bot/build/_deps/curl-src/CMake/CurlTests.c
/home/joshuamuthii/programming/discord_leetcode_bot/build/_deps/curl-src/CMake/CurlTests.c:530:6: warning: no previous prototype for ‘check’ [-Wmissing-prototypes]
  530 | void check(float f) {}
      |      ^~~~~
/home/joshuamuthii/programming/discord_leetcode_bot/build/_deps/curl-src/CMake/CurlTests.c: In function ‘check’:
/home/joshuamuthii/programming/discord_leetcode_bot/build/_deps/curl-src/CMake/CurlTests.c:530:18: warning: unused parameter ‘f’ [-Wunused-parameter]
  530 | void check(float f) {}
      |            ~~~~~~^
/home/joshuamuthii/programming/discord_leetcode_bot/build/_deps/curl-src/CMake/CurlTests.c: At top level:
/home/joshuamuthii/programming/discord_leetcode_bot/build/_deps/curl-src/CMake/CurlTests.c:533:1: warning: function declaration isn’t a prototype [-Wstrict-prototypes]
  533 | main () {
      | ^~~~
/home/joshuamuthii/programming/discord_leetcode_bot/build/_deps/curl-src/CMake/CurlTests.c: In function ‘main’:
/home/joshuamuthii/programming/discord_leetcode_bot/build/_deps/curl-src/CMake/CurlTests.c:536:9: warning: conversion from ‘int’ to ‘float’ may change value [-Wconversion]
  536 |   check(strerror_r(EACCES, buffer, sizeof(buffer)));
      |         ^~~~~~~~~~~~~~~~~~~~~~~~~~~~~~~~~~~~~~~~~~
At top level:
cc1: note: unrecognized command-line option ‘-Wno-pedantic-ms-format’ may have been intended to silence earlier diagnostics
Linking C executable cmTC_1c939
/usr/bin/cmake -E cmake_link_script CMakeFiles/cmTC_1c939.dir/link.txt --verbose=1
/usr/bin/cc   -pedantic -Wall -W -Wpointer-arith -Wwrite-strings -Wunused -Wshadow -Winline -Wnested-externs -Wmissing-declarations -Wmissing-prototypes -Wno-long-long -Wfloat-equal -Wno-multichar -Wsign-compare -Wundef -Wno-format-nonliteral -Wendif-labels -Wstrict-prototypes -Wdeclaration-after-statement -Wstrict-aliasing=3 -Wcast-align -Wtype-limits -Wold-style-declaration -Wmissing-parameter-type -Wempty-body -Wclobbered -Wignored-qualifiers -Wconversion -Wno-sign-conversion -Wvla -Wdouble-promotion -Wno-system-headers -Wno-pedantic-ms-format -DHAVE_POSIX_STRERROR_R  -DHAVE_STDIO_H -DHAVE_INTTYPES_H -DHAVE_SYS_IOCTL_H -DHAVE_SYS_PARAM_H -DHAVE_SYS_POLL_H -DHAVE_SYS_RESOURCE_H -DHAVE_SYS_SELECT_H -DHAVE_SYS_SOCKET_H -DHAVE_SYS_STAT_H -DHAVE_SYS_TIME_H -DHAVE_SYS_TYPES_H -DHAVE_SYS_UIO_H -DHAVE_SYS_UN_H -DHAVE_SYS_XATTR_H -DHAVE_ALLOCA_H -DHAVE_ARPA_INET_H -DHAVE_ARPA_TFTP_H -DHAVE_ASSERT_H -DHAVE_ERR_H -DHAVE_ERRNO_H -DHAVE_FCNTL_H -DHAVE_IFADDRS_H -DHAVE_LIBGEN_H -DHAVE_LOCALE_H -DHAVE_NET_IF_H -DHAVE_NETDB_H -DHAVE_NETINET_IN_H -DHAVE_NETINET_TCP_H -DHAVE_POLL_H -DHAVE_PWD_H -DHAVE_SETJMP_H -DHAVE_SGTTY_H -DHAVE_SIGNAL_H -DHAVE_STDBOOL_H -DHAVE_STDINT_H -DHAVE_STDIO_H -DHAVE_STDLIB_H -DHAVE_STRING_H -DHAVE_STRINGS_H -DHAVE_TERMIO_H -DHAVE_TERMIOS_H -DHAVE_TIME_H -DHAVE_UNISTD_H -DHAVE_UTIME_H -DHAVE_STDDEF_H -DHAVE_DLFCN_H -DHAVE_MALLOC_H -DHAVE_MEMORY_H -DHAVE_NETINET_IF_ETHER_H -DHAVE_STDINT_H -DHAVE_SYS_UTSNAME_H CMakeFiles/cmTC_1c939.dir/CurlTests.c.o -o cmTC_1c939 
gmake[1]: Leaving directory '/home/joshuamuthii/programming/discord_leetcode_bot/build/CMakeFiles/CMakeTmp'


Performing Curl Test HAVE_CLOCK_GETTIME_MONOTONIC passed with the following output:
Change Dir: '/home/joshuamuthii/programming/discord_leetcode_bot/build/CMakeFiles/CMakeTmp'

Run Build Command(s): /usr/bin/cmake -E env VERBOSE=1 /usr/bin/gmake -f Makefile cmTC_70183/fast
/usr/bin/gmake  -f CMakeFiles/cmTC_70183.dir/build.make CMakeFiles/cmTC_70183.dir/build
gmake[1]: Entering directory '/home/joshuamuthii/programming/discord_leetcode_bot/build/CMakeFiles/CMakeTmp'
Building C object CMakeFiles/cmTC_70183.dir/CurlTests.c.o
/usr/bin/cc   -pedantic -Wall -W -Wpointer-arith -Wwrite-strings -Wunused -Wshadow -Winline -Wnested-externs -Wmissing-declarations -Wmissing-prototypes -Wno-long-long -Wfloat-equal -Wno-multichar -Wsign-compare -Wundef -Wno-format-nonliteral -Wendif-labels -Wstrict-prototypes -Wdeclaration-after-statement -Wstrict-aliasing=3 -Wcast-align -Wtype-limits -Wold-style-declaration -Wmissing-parameter-type -Wempty-body -Wclobbered -Wignored-qualifiers -Wconversion -Wno-sign-conversion -Wvla -Wdouble-promotion -Wno-system-headers -Wno-pedantic-ms-format -DHAVE_CLOCK_GETTIME_MONOTONIC  -DHAVE_STDIO_H -DHAVE_INTTYPES_H -DHAVE_SYS_IOCTL_H -DHAVE_SYS_PARAM_H -DHAVE_SYS_POLL_H -DHAVE_SYS_RESOURCE_H -DHAVE_SYS_SELECT_H -DHAVE_SYS_SOCKET_H -DHAVE_SYS_STAT_H -DHAVE_SYS_TIME_H -DHAVE_SYS_TYPES_H -DHAVE_SYS_UIO_H -DHAVE_SYS_UN_H -DHAVE_SYS_XATTR_H -DHAVE_ALLOCA_H -DHAVE_ARPA_INET_H -DHAVE_ARPA_TFTP_H -DHAVE_ASSERT_H -DHAVE_ERR_H -DHAVE_ERRNO_H -DHAVE_FCNTL_H -DHAVE_IFADDRS_H -DHAVE_LIBGEN_H -DHAVE_LOCALE_H -DHAVE_NET_IF_H -DHAVE_NETDB_H -DHAVE_NETINET_IN_H -DHAVE_NETINET_TCP_H -DHAVE_POLL_H -DHAVE_PWD_H -DHAVE_SETJMP_H -DHAVE_SGTTY_H -DHAVE_SIGNAL_H -DHAVE_STDBOOL_H -DHAVE_STDINT_H -DHAVE_STDIO_H -DHAVE_STDLIB_H -DHAVE_STRING_H -DHAVE_STRINGS_H -DHAVE_TERMIO_H -DHAVE_TERMIOS_H -DHAVE_TIME_H -DHAVE_UNISTD_H -DHAVE_UTIME_H -DHAVE_STDDEF_H -DHAVE_DLFCN_H -DHAVE_MALLOC_H -DHAVE_MEMORY_H -DHAVE_NETINET_IF_ETHER_H -DHAVE_STDINT_H -DHAVE_SYS_UTSNAME_H -o CMakeFiles/cmTC_70183.dir/CurlTests.c.o -c /home/joshuamuthii/programming/discord_leetcode_bot/build/_deps/curl-src/CMake/CurlTests.c
/home/joshuamuthii/programming/discord_leetcode_bot/build/_deps/curl-src/CMake/CurlTests.c:559:1: warning: function declaration isn’t a prototype [-Wstrict-prototypes]
  559 | main() {
      | ^~~~
cc1: note: unrecognized command-line option ‘-Wno-pedantic-ms-format’ may have been intended to silence earlier diagnostics
Linking C executable cmTC_70183
/usr/bin/cmake -E cmake_link_script CMakeFiles/cmTC_70183.dir/link.txt --verbose=1
/usr/bin/cc   -pedantic -Wall -W -Wpointer-arith -Wwrite-strings -Wunused -Wshadow -Winline -Wnested-externs -Wmissing-declarations -Wmissing-prototypes -Wno-long-long -Wfloat-equal -Wno-multichar -Wsign-compare -Wundef -Wno-format-nonliteral -Wendif-labels -Wstrict-prototypes -Wdeclaration-after-statement -Wstrict-aliasing=3 -Wcast-align -Wtype-limits -Wold-style-declaration -Wmissing-parameter-type -Wempty-body -Wclobbered -Wignored-qualifiers -Wconversion -Wno-sign-conversion -Wvla -Wdouble-promotion -Wno-system-headers -Wno-pedantic-ms-format -DHAVE_CLOCK_GETTIME_MONOTONIC  -DHAVE_STDIO_H -DHAVE_INTTYPES_H -DHAVE_SYS_IOCTL_H -DHAVE_SYS_PARAM_H -DHAVE_SYS_POLL_H -DHAVE_SYS_RESOURCE_H -DHAVE_SYS_SELECT_H -DHAVE_SYS_SOCKET_H -DHAVE_SYS_STAT_H -DHAVE_SYS_TIME_H -DHAVE_SYS_TYPES_H -DHAVE_SYS_UIO_H -DHAVE_SYS_UN_H -DHAVE_SYS_XATTR_H -DHAVE_ALLOCA_H -DHAVE_ARPA_INET_H -DHAVE_ARPA_TFTP_H -DHAVE_ASSERT_H -DHAVE_ERR_H -DHAVE_ERRNO_H -DHAVE_FCNTL_H -DHAVE_IFADDRS_H -DHAVE_LIBGEN_H -DHAVE_LOCALE_H -DHAVE_NET_IF_H -DHAVE_NETDB_H -DHAVE_NETINET_IN_H -DHAVE_NETINET_TCP_H -DHAVE_POLL_H -DHAVE_PWD_H -DHAVE_SETJMP_H -DHAVE_SGTTY_H -DHAVE_SIGNAL_H -DHAVE_STDBOOL_H -DHAVE_STDINT_H -DHAVE_STDIO_H -DHAVE_STDLIB_H -DHAVE_STRING_H -DHAVE_STRINGS_H -DHAVE_TERMIO_H -DHAVE_TERMIOS_H -DHAVE_TIME_H -DHAVE_UNISTD_H -DHAVE_UTIME_H -DHAVE_STDDEF_H -DHAVE_DLFCN_H -DHAVE_MALLOC_H -DHAVE_MEMORY_H -DHAVE_NETINET_IF_ETHER_H -DHAVE_STDINT_H -DHAVE_SYS_UTSNAME_H CMakeFiles/cmTC_70183.dir/CurlTests.c.o -o cmTC_70183 
gmake[1]: Leaving directory '/home/joshuamuthii/programming/discord_leetcode_bot/build/CMakeFiles/CMakeTmp'


